#
# A fatal error has been detected by the Java Runtime Environment:
#
#  EXCEPTION_ACCESS_VIOLATION (0xc0000005) at pc=0x00007ff8febf6ab7, pid=16160, tid=22088
#
# JRE version: Java(TM) SE Runtime Environment (21.0.1+12) (build 21.0.1+12-LTS-29)
# Java VM: Java HotSpot(TM) 64-Bit Server VM (21.0.1+12-LTS-29, mixed mode, sharing, tiered, compressed oops, compressed class ptrs, g1 gc, windows-amd64)
# Problematic frame:
# C  [glass.dll+0x26ab7]
#
# No core dump will be written. Minidumps are not enabled by default on client versions of Windows
#
# If you would like to submit a bug report, please visit:
#   https://bugreport.java.com/bugreport/crash.jsp
#

---------------  S U M M A R Y ------------

Command Line: -javaagent:C:\Program Files\JetBrains\IntelliJ IDEA Educational Edition 2022.2.2\lib\idea_rt.jar=51335:C:\Program Files\JetBrains\IntelliJ IDEA Educational Edition 2022.2.2\bin -Dfile.encoding=UTF-8 -Dsun.stdout.encoding=UTF-8 -Dsun.stderr.encoding=UTF-8 --module-path=C:\Users\admin\.m2\repository\org\apache\logging\log4j\log4j-core\2.21.1\log4j-core-2.21.1.jar;C:\Users\admin\Documents\GitHub\ERCH-EM\Erch-DA\src\main\resources\desktop\app\erch\Libraries\log4j-core-2.21.1.jar;C:\Users\admin\.m2\repository\org\apache\logging\log4j\log4j-api\2.21.1\log4j-api-2.21.1.jar;C:\Users\admin\Documents\GitHub\ERCH-EM\Erch-DA\src\main\resources\desktop\app\erch\Libraries\log4j-api-2.21.1.jar;C:\Users\admin\.m2\repository\org\openjfx\javafx-controls\17.0.2\javafx-controls-17.0.2-win.jar;C:\Users\admin\.m2\repository\org\openjfx\javafx-base\17.0.2\javafx-base-17.0.2-win.jar;C:\Users\admin\.m2\repository\org\openjfx\javafx-graphics\17.0.2\javafx-graphics-17.0.2-win.jar;C:\Users\admin\.m2\repository\org\openjfx\javafx-fxml\17.0.2\javafx-fxml-17.0.2-win.jar;C:\Users\admin\Documents\GitHub\ERCH-EM\Erch-DA\src\main\resources\desktop\app\erch\Libraries\jSerialComm-2.10.3.jar;C:\Users\admin\Documents\GitHub\ERCH-EM\Erch-DA\src\main\resources\desktop\app\erch\Libraries\medusa-16.0.1.jar;C:\Users\admin\Documents\GitHub\ERCH-EM\Erch-DA\target\classes -Djdk.module.main=desktop.app.erch desktop.app.erch/desktop.app.erch.Index

Host: Intel(R) Core(TM) i7-8665U CPU @ 1.90GHz, 8 cores, 7G,  Windows 11 , 64 bit Build 22621 (10.0.22621.3235)
Time: Wed Mar 20 15:48:52 2024 India Standard Time elapsed time: 115.935878 seconds (0d 0h 1m 55s)

---------------  T H R E A D  ---------------

Current thread (0x000001b5e205c090):  VMThread "VM Thread"          [id=22088, stack(0x0000005ab2a00000,0x0000005ab2b00000) (1024K)]

Stack: [0x0000005ab2a00000,0x0000005ab2b00000],  sp=0x0000005ab2afebc0,  free space=1018k
Native frames: (J=compiled Java code, j=interpreted, Vv=VM code, C=native code)
C  [glass.dll+0x26ab7]


siginfo: EXCEPTION_ACCESS_VIOLATION (0xc0000005), reading address 0x0000000000000000


Registers:
RAX=0x0000000000000000, RBX=0x000001b5e206c662, RCX=0x000001b5e205c090, RDX=0x0000005ab2afebc0
RSP=0x0000005ab2afebc0, RBP=0x000001b5e284f148, RSI=0x0000005ab2afecc8, RDI=0x000001b5e284f120
R8 =0x0000000000010002, R9 =0x000001b5e284f120, R10=0x85f13e9656da4870, R11=0x0000005ab2afeb50
R12=0x00007ff8febf4384, R13=0x00007ff8cab51fa0, R14=0x0000974ec0213a71, R15=0x000001b5e284f120
RIP=0x00007ff8febf6ab7, EFLAGS=0x0000000000010206


Register to memory mapping:

RAX=0x0 is null
RBX=0x000001b5e206c662 is a global jni handle
RCX=0x000001b5e205c090 points into unknown readable memory: 0x00007ff8ca963f88 | 88 3f 96 ca f8 7f 00 00
RDX=0x0000005ab2afebc0 points into unknown readable memory: 0x0000000000000000 | 00 00 00 00 00 00 00 00
RSP=0x0000005ab2afebc0 points into unknown readable memory: 0x0000000000000000 | 00 00 00 00 00 00 00 00
RBP=0x000001b5e284f148 points into unknown readable memory: 0x0000974ec0213a71 | 71 3a 21 c0 4e 97 00 00
RSI=0x0000005ab2afecc8 points into unknown readable memory: 0x0000005ab2afecb0 | b0 ec af b2 5a 00 00 00
RDI=0x000001b5e284f120 points into unknown readable memory: 0x7d38974e3fd0c70f | 0f c7 d0 3f 4e 97 38 7d
R8 =0x0000000000010002 is an unknown value
R9 =0x000001b5e284f120 points into unknown readable memory: 0x7d38974e3fd0c70f | 0f c7 d0 3f 4e 97 38 7d
R10=0x85f13e9656da4870 is an unknown value
R11=0x0000005ab2afeb50 points into unknown readable memory: 0x000001b5e284f120 | 20 f1 84 e2 b5 01 00 00
R12=0x00007ff8febf4384 glass.dll
R13=0x00007ff8cab51fa0 jvm.dll
R14=0x0000974ec0213a71 is an unknown value
R15=0x000001b5e284f120 points into unknown readable memory: 0x7d38974e3fd0c70f | 0f c7 d0 3f 4e 97 38 7d

Top of Stack: (sp=0x0000005ab2afebc0)
0x0000005ab2afebc0:   0000000000000000 0000005ab2afecc8
0x0000005ab2afebd0:   00007ff8cab51fa0 00007ff8febf4384
0x0000005ab2afebe0:   000001b5e284f128 00007ff914fa3a83
0x0000005ab2afebf0:   000001b5e284f120 000001b500000000
0x0000005ab2afec00:   000001b5e284f148 0000005ab2afecc8
0x0000005ab2afec10:   fffffffffffffffe 0000000000000000
0x0000005ab2afec20:   0000000000000001 00007ff8febd0000
0x0000005ab2afec30:   0000005ab2afecb8 00007ff914f7006e
0x0000005ab2afec40:   0000000000000000 0000005ab2afecc8
0x0000005ab2afec50:   0000005ab2afefb0 0000000000000001
0x0000005ab2afec60:   0000000000000001 00007ff914f6da1d
0x0000005ab2afec70:   0000000000000000 00007ff8febf3b7d
0x0000005ab2afec80:   00007ff8ea1f2078 0000005ab2afecb8
0x0000005ab2afec90:   fffffffffffffffe 0000005ab2afec80
0x0000005ab2afeca0:   0000000000000000 00007ff8febf4211
0x0000005ab2afecb0:   00007ff8fec0a138 00007ff800000002
0x0000005ab2afecc0:   00007ff800000002 0000005ab2afecb0
0x0000005ab2afecd0:   0000000000000000 00007ff917bd8603
0x0000005ab2afece0:   0000000000000000 00007ff8febf4336
0x0000005ab2afecf0:   0000000000000001 00000000000006ec
0x0000005ab2afed00:   0000000000000001 0000000000000000
0x0000005ab2afed10:   00007ff916320000 00007ff916322061
0x0000005ab2afed20:   000001b500000001 0000000000000016
0x0000005ab2afed30:   00007ff8febd0000 000000007ffe0384
0x0000005ab2afed40:   0000000000000000 00007ff917bd869f
0x0000005ab2afed50:   00007ff8febd0000 0000000000000000
0x0000005ab2afed60:   0000000000000001 000000007ffe0385
0x0000005ab2afed70:   0000000000000000 00007ff917c012e9
0x0000005ab2afed80:   0000ae55bc5da700 0000000000000014
0x0000005ab2afed90:   00007ff8febf4384 0000000000000000
0x0000005ab2afeda0:   0000000000000000 0000005ab1e18000
0x0000005ab2afedb0:   000001b5e2852480 00007ff917c010a6 

Instructions: (pc=0x00007ff8febf6ab7)
0x00007ff8febf69b7:   8b 4d 58 e8 01 cf ff ff 48 8b 4d 60 e8 f8 ce ff
0x00007ff8febf69c7:   ff 48 8b 95 80 00 00 00 48 8b 8d 18 01 00 00 e8
0x00007ff8febf69d7:   c6 c3 ff ff 33 d2 33 c9 e8 3c e1 ff ff 90 48 89
0x00007ff8febf69e7:   54 24 10 55 48 83 ec 20 48 8b ea 48 b8 00 00 00
0x00007ff8febf69f7:   00 00 00 00 00 48 83 c4 20 5d c3 cc 40 55 48 8b
0x00007ff8febf6a07:   ea 48 8b 01 33 c9 81 38 05 00 00 c0 0f 94 c1 8b
0x00007ff8febf6a17:   c1 5d c3 cc 40 55 48 83 ec 20 48 8b ea 8a 4d 40
0x00007ff8febf6a27:   48 83 c4 20 5d e9 f7 d2 ff ff cc 40 55 48 83 ec
0x00007ff8febf6a37:   20 48 8b ea 8a 4d 20 e8 e5 d2 ff ff 90 48 83 c4
0x00007ff8febf6a47:   20 5d c3 cc 40 55 48 83 ec 20 48 8b ea 48 83 c4
0x00007ff8febf6a57:   20 5d e9 46 d1 ff ff cc 40 55 48 83 ec 30 48 8b
0x00007ff8febf6a67:   ea 48 8b 01 8b 10 48 89 4c 24 28 89 54 24 20 4c
0x00007ff8febf6a77:   8d 0d e7 d5 ff ff 4c 8b 45 70 8b 55 68 48 8b 4d
0x00007ff8febf6a87:   60 e8 87 d0 ff ff 90 48 83 c4 30 5d c3 cc cc cc
0x00007ff8febf6a97:   cc cc cc cc cc cc cc cc cc 40 53 48 83 ec 20 48
0x00007ff8febf6aa7:   8b 1d 83 30 01 00 48 85 db 74 16 e8 09 8b ff ff
0x00007ff8febf6ab7:   4c 8b 00 48 8b d3 48 8b c8 41 ff 90 b0 00 00 00
0x00007ff8febf6ac7:   90 48 83 c4 20 5b c3 cc cc 40 53 48 83 ec 20 48
0x00007ff8febf6ad7:   8b 1d fb 31 01 00 48 85 db 74 57 b8 ff ff ff ff
0x00007ff8febf6ae7:   f0 0f c1 43 10 83 f8 01 75 3d 48 85 db 74 38 48
0x00007ff8febf6af7:   8b 0b 48 85 c9 74 0d ff 15 a4 07 00 00 48 c7 03
0x00007ff8febf6b07:   00 00 00 00 48 8b 4b 08 48 85 c9 74 0d e8 a7 cd
0x00007ff8febf6b17:   ff ff 48 c7 43 08 00 00 00 00 ba 18 00 00 00 48
0x00007ff8febf6b27:   8b cb e8 92 cd ff ff 48 c7 05 9f 31 01 00 00 00
0x00007ff8febf6b37:   00 00 48 83 c4 20 5b c3 cc 40 53 48 83 ec 20 48
0x00007ff8febf6b47:   8b 1d 6b 31 01 00 48 85 db 74 57 b8 ff ff ff ff
0x00007ff8febf6b57:   f0 0f c1 43 10 83 f8 01 75 3d 48 85 db 74 38 48
0x00007ff8febf6b67:   8b 0b 48 85 c9 74 0d ff 15 34 07 00 00 48 c7 03
0x00007ff8febf6b77:   00 00 00 00 48 8b 4b 08 48 85 c9 74 0d e8 37 cd
0x00007ff8febf6b87:   ff ff 48 c7 43 08 00 00 00 00 ba 18 00 00 00 48
0x00007ff8febf6b97:   8b cb e8 22 cd ff ff 48 c7 05 0f 31 01 00 00 00
0x00007ff8febf6ba7:   00 00 48 83 c4 20 5b c3 cc 40 53 48 83 ec 20 48 


Stack slot to memory mapping:

stack at sp + 0 slots: 0x0 is null
stack at sp + 1 slots: 0x0000005ab2afecc8 points into unknown readable memory: 0x0000005ab2afecb0 | b0 ec af b2 5a 00 00 00
stack at sp + 2 slots: 0x00007ff8cab51fa0 jvm.dll
stack at sp + 3 slots: 0x00007ff8febf4384 glass.dll
stack at sp + 4 slots: 0x000001b5e284f128 points into unknown readable memory: 0x0000974ec0213a71 | 71 3a 21 c0 4e 97 00 00
stack at sp + 5 slots: 0x00007ff914fa3a83 ucrtbase.dll
stack at sp + 6 slots: 0x000001b5e284f120 points into unknown readable memory: 0x7d38974e3fd0c70f | 0f c7 d0 3f 4e 97 38 7d
stack at sp + 7 slots: 0x000001b500000000 is an unknown value

VM_Operation (0x0000005ab22ff400): Exit, mode: safepoint, requested by thread 0x000001b5e854ec80


---------------  P R O C E S S  ---------------

Threads class SMR info:
_java_thread_list=0x000001b5e8508ad0, length=21, elements={
0x000001b5c5795c10, 0x000001b5e207ce10, 0x000001b5e207dc20, 0x000001b5e2081160,
0x000001b5e2082040, 0x000001b5e2084c60, 0x000001b5e20879b0, 0x000001b5e208c1c0,
0x000001b5e20969c0, 0x000001b5e22c0250, 0x000001b5e714bce0, 0x000001b5e7183080,
0x000001b5e7ba0190, 0x000001b5e72c0360, 0x000001b5e7c07890, 0x000001b5e726b140,
0x000001b5e72efa90, 0x000001b5e85506c0, 0x000001b5e854f310, 0x000001b5e2dfb2e0,
0x000001b5e854ec80
}

Java Threads: ( => current thread )
  0x000001b5c5795c10 JavaThread "main"                              [_thread_blocked, id=4300, stack(0x0000005ab2300000,0x0000005ab2400000) (1024K)]
  0x000001b5e207ce10 JavaThread "Reference Handler"          daemon [_thread_blocked, id=24464, stack(0x0000005ab2b00000,0x0000005ab2c00000) (1024K)]
  0x000001b5e207dc20 JavaThread "Finalizer"                  daemon [_thread_blocked, id=13380, stack(0x0000005ab2c00000,0x0000005ab2d00000) (1024K)]
  0x000001b5e2081160 JavaThread "Signal Dispatcher"          daemon [_thread_blocked, id=8516, stack(0x0000005ab2d00000,0x0000005ab2e00000) (1024K)]
  0x000001b5e2082040 JavaThread "Attach Listener"            daemon [_thread_blocked, id=12744, stack(0x0000005ab2e00000,0x0000005ab2f00000) (1024K)]
  0x000001b5e2084c60 JavaThread "Service Thread"             daemon [_thread_blocked, id=7100, stack(0x0000005ab2f00000,0x0000005ab3000000) (1024K)]
  0x000001b5e20879b0 JavaThread "Monitor Deflation Thread"   daemon [_thread_blocked, id=4796, stack(0x0000005ab3000000,0x0000005ab3100000) (1024K)]
  0x000001b5e208c1c0 JavaThread "C2 CompilerThread0"         daemon [_thread_blocked, id=18244, stack(0x0000005ab3100000,0x0000005ab3200000) (1024K)]
  0x000001b5e20969c0 JavaThread "C1 CompilerThread0"         daemon [_thread_blocked, id=8232, stack(0x0000005ab3200000,0x0000005ab3300000) (1024K)]
  0x000001b5e22c0250 JavaThread "Common-Cleaner"             daemon [_thread_blocked, id=16496, stack(0x0000005ab3300000,0x0000005ab3400000) (1024K)]
  0x000001b5e714bce0 JavaThread "Monitor Ctrl-Break"         daemon [_thread_in_native, id=12404, stack(0x0000005ab3600000,0x0000005ab3700000) (1024K)]
  0x000001b5e7183080 JavaThread "Notification Thread"        daemon [_thread_blocked, id=20932, stack(0x0000005ab3700000,0x0000005ab3800000) (1024K)]
  0x000001b5e7ba0190 JavaThread "InvokeLaterDispatcher"      daemon [_thread_blocked, id=21308, stack(0x0000005ab3900000,0x0000005ab3a00000) (1024K)]
  0x000001b5e72c0360 JavaThread "JavaFX Application Thread"         [_thread_in_native, id=8464, stack(0x0000005ab3a00000,0x0000005ab3b00000) (1024K)]
  0x000001b5e7c07890 JavaThread "Thread-1"                   daemon [_thread_in_native, id=23068, stack(0x0000005ab3e00000,0x0000005ab3f00000) (1024K)]
  0x000001b5e726b140 JavaThread "JavaFX-Launcher"                   [_thread_blocked, id=3452, stack(0x0000005ab4400000,0x0000005ab4500000) (1024K)]
  0x000001b5e72efa90 JavaThread "Thread-3"                   daemon [_thread_blocked, id=15216, stack(0x0000005ab4700000,0x0000005ab4800000) (1024K)]
  0x000001b5e85506c0 JavaThread "Prism Font Disposer"        daemon [_thread_blocked, id=18356, stack(0x0000005ab4b00000,0x0000005ab4c00000) (1024K)]
  0x000001b5e854f310 JavaThread "Cleaner-0"                  daemon [_thread_blocked, id=20140, stack(0x0000005ab4d00000,0x0000005ab4e00000) (1024K)]
  0x000001b5e2dfb2e0 JavaThread "C2 CompilerThread1"         daemon [_thread_blocked, id=11128, stack(0x0000005ab2000000,0x0000005ab2100000) (1024K)]
  0x000001b5e854ec80 JavaThread "SIGINT handler"             daemon [_thread_blocked, id=15608, stack(0x0000005ab2200000,0x0000005ab2300000) (1024K)]
Total: 21

Other Threads:
=>0x000001b5e205c090 VMThread "VM Thread"                           [id=22088, stack(0x0000005ab2a00000,0x0000005ab2b00000) (1024K)]
  0x000001b5c57edd10 WorkerThread "GC Thread#0"                     [id=27068, stack(0x0000005ab2400000,0x0000005ab2500000) (1024K)]
  0x000001b5e72fa680 WorkerThread "GC Thread#1"                     [id=14220, stack(0x0000005ab3f00000,0x0000005ab4000000) (1024K)]
  0x000001b5e7296940 WorkerThread "GC Thread#2"                     [id=4560, stack(0x0000005ab4000000,0x0000005ab4100000) (1024K)]
  0x000001b5e7304e70 WorkerThread "GC Thread#3"                     [id=20668, stack(0x0000005ab4100000,0x0000005ab4200000) (1024K)]
  0x000001b5e72ac5f0 WorkerThread "GC Thread#4"                     [id=15452, stack(0x0000005ab4200000,0x0000005ab4300000) (1024K)]
  0x000001b5e72f42c0 WorkerThread "GC Thread#5"                     [id=1656, stack(0x0000005ab4300000,0x0000005ab4400000) (1024K)]
  0x000001b5e8235f80 WorkerThread "GC Thread#6"                     [id=8260, stack(0x0000005ab4500000,0x0000005ab4600000) (1024K)]
  0x000001b5e82354a0 WorkerThread "GC Thread#7"                     [id=13592, stack(0x0000005ab4600000,0x0000005ab4700000) (1024K)]
  0x000001b5c57ff8f0 ConcurrentGCThread "G1 Main Marker"            terminated
  0x000001b5c5800b90 WorkerThread "G1 Conc#0"                       [id=3816, stack(0x0000005ab2600000,0x0000005ab2700000) (1024K)]
  0x000001b5e8236320 WorkerThread "G1 Conc#1"                       [id=8796, stack(0x0000005ab3400000,0x0000005ab3500000) (1024K)]
  0x000001b5e1f150f0 ConcurrentGCThread "G1 Refine#0"               terminated
  0x000001b5e1f16b80 ConcurrentGCThread "G1 Service"                terminated
Total: 14

Threads with active compile tasks:
C2 CompilerThread1   116211 4778   !   4       javafx.scene.CssStyleHelper::transitionToState (1031 bytes)
Total: 1

VM state: at safepoint (shutting down)

VM Mutex/Monitor currently owned by a thread:  ([mutex/lock_event])
[0x00007ff8cab2a5f8] Threads_lock - owner thread: 0x000001b5e205c090
[0x00007ff8cab2a6f8] Heap_lock - owner thread: 0x000001b5e854ec80

Heap address: 0x0000000082e00000, size: 2002 MB, Compressed Oops mode: 32-bit

CDS archive(s) mapped at: [0x000001b580000000-0x000001b580c90000-0x000001b580c90000), size 13172736, SharedBaseAddress: 0x000001b580000000, ArchiveRelocationMode: 1.
Compressed class space mapped at: 0x000001b581000000-0x000001b5c1000000, reserved size: 1073741824
Narrow klass base: 0x000001b580000000, Narrow klass shift: 0, Narrow klass range: 0x100000000

GC Precious Log:
 CardTable entry size: 512
 Card Set container configuration: InlinePtr #cards 5 size 8 Array Of Cards #cards 12 size 40 Howl #buckets 4 coarsen threshold 1843 Howl Bitmap #cards 512 size 80 coarsen threshold 460 Card regions per heap region 1 cards per card region 2048
 CPUs: 8 total, 8 available
 Memory: 8002M
 Large Page Support: Disabled
 NUMA Support: Disabled
 Compressed Oops: Enabled (32-bit)
 Heap Region Size: 1M
 Heap Min Capacity: 8M
 Heap Initial Capacity: 126M
 Heap Max Capacity: 2002M
 Pre-touch: Disabled
 Parallel Workers: 8
 Concurrent Workers: 2
 Concurrent Refinement Workers: 8
 Periodic GC: Disabled

Heap:
 garbage-first heap   total 180224K, used 146257K [0x0000000082e00000, 0x0000000100000000)
  region size 1024K, 27 young (27648K), 6 survivors (6144K)
 Metaspace       used 23555K, committed 23936K, reserved 1114112K
  class space    used 3254K, committed 3456K, reserved 1048576K

Heap Regions: E=young(eden), S=young(survivor), O=old, HS=humongous(starts), HC=humongous(continues), CS=collection set, F=free, TAMS=top-at-mark-start, PB=parsable bottom
|   0|0x0000000082e00000, 0x0000000082f00000, 0x0000000082f00000|100%| O|  |TAMS 0x0000000082e00000| PB 0x0000000082e00000| Untracked 
|   1|0x0000000082f00000, 0x0000000083000000, 0x0000000083000000|100%| O|  |TAMS 0x0000000082f00000| PB 0x0000000082f00000| Untracked 
|   2|0x0000000083000000, 0x00000000830d4768, 0x0000000083100000| 82%| O|Cm|TAMS 0x0000000083000000| PB 0x0000000083000000| Complete 
|   3|0x0000000083100000, 0x0000000083200000, 0x0000000083200000|100%|HS|  |TAMS 0x0000000083100000| PB 0x0000000083100000| Complete 
|   4|0x0000000083200000, 0x0000000083300000, 0x0000000083300000|100%|HC|  |TAMS 0x0000000083200000| PB 0x0000000083200000| Complete 
|   5|0x0000000083300000, 0x0000000083400000, 0x0000000083400000|100%|HC|  |TAMS 0x0000000083300000| PB 0x0000000083300000| Complete 
|   6|0x0000000083400000, 0x0000000083500000, 0x0000000083500000|100%|HS|  |TAMS 0x0000000083400000| PB 0x0000000083400000| Complete 
|   7|0x0000000083500000, 0x0000000083600000, 0x0000000083600000|100%|HC|  |TAMS 0x0000000083500000| PB 0x0000000083500000| Complete 
|   8|0x0000000083600000, 0x0000000083700000, 0x0000000083700000|100%|HC|  |TAMS 0x0000000083600000| PB 0x0000000083600000| Complete 
|   9|0x0000000083700000, 0x0000000083800000, 0x0000000083800000|100%|HS|  |TAMS 0x0000000083700000| PB 0x0000000083700000| Complete 
|  10|0x0000000083800000, 0x0000000083900000, 0x0000000083900000|100%|HC|  |TAMS 0x0000000083800000| PB 0x0000000083800000| Complete 
|  11|0x0000000083900000, 0x0000000083a00000, 0x0000000083a00000|100%|HC|  |TAMS 0x0000000083900000| PB 0x0000000083900000| Complete 
|  12|0x0000000083a00000, 0x0000000083b00000, 0x0000000083b00000|100%|HS|  |TAMS 0x0000000083a00000| PB 0x0000000083a00000| Complete 
|  13|0x0000000083b00000, 0x0000000083c00000, 0x0000000083c00000|100%|HC|  |TAMS 0x0000000083b00000| PB 0x0000000083b00000| Complete 
|  14|0x0000000083c00000, 0x0000000083d00000, 0x0000000083d00000|100%|HC|  |TAMS 0x0000000083c00000| PB 0x0000000083c00000| Complete 
|  15|0x0000000083d00000, 0x0000000083e00000, 0x0000000083e00000|100%|HS|  |TAMS 0x0000000083d00000| PB 0x0000000083d00000| Complete 
|  16|0x0000000083e00000, 0x0000000083f00000, 0x0000000083f00000|100%|HS|  |TAMS 0x0000000083e00000| PB 0x0000000083e00000| Complete 
|  17|0x0000000083f00000, 0x0000000084000000, 0x0000000084000000|100%|HS|  |TAMS 0x0000000083f00000| PB 0x0000000083f00000| Complete 
|  18|0x0000000084000000, 0x0000000084100000, 0x0000000084100000|100%|HC|  |TAMS 0x0000000084000000| PB 0x0000000084000000| Complete 
|  19|0x0000000084100000, 0x0000000084200000, 0x0000000084200000|100%|HS|  |TAMS 0x0000000084100000| PB 0x0000000084100000| Complete 
|  20|0x0000000084200000, 0x0000000084300000, 0x0000000084300000|100%|HS|  |TAMS 0x0000000084200000| PB 0x0000000084200000| Complete 
|  21|0x0000000084300000, 0x0000000084300000, 0x0000000084400000|  0%| F|  |TAMS 0x0000000084300000| PB 0x0000000084300000| Untracked 
|  22|0x0000000084400000, 0x0000000084400000, 0x0000000084500000|  0%| F|  |TAMS 0x0000000084400000| PB 0x0000000084400000| Untracked 
|  23|0x0000000084500000, 0x0000000084500000, 0x0000000084600000|  0%| F|  |TAMS 0x0000000084500000| PB 0x0000000084500000| Untracked 
|  24|0x0000000084600000, 0x0000000084600000, 0x0000000084700000|  0%| F|  |TAMS 0x0000000084600000| PB 0x0000000084600000| Untracked 
|  25|0x0000000084700000, 0x0000000084700000, 0x0000000084800000|  0%| F|  |TAMS 0x0000000084700000| PB 0x0000000084700000| Untracked 
|  26|0x0000000084800000, 0x0000000084800000, 0x0000000084900000|  0%| F|  |TAMS 0x0000000084800000| PB 0x0000000084800000| Untracked 
|  27|0x0000000084900000, 0x0000000084900000, 0x0000000084a00000|  0%| F|  |TAMS 0x0000000084900000| PB 0x0000000084900000| Untracked 
|  28|0x0000000084a00000, 0x0000000084a00000, 0x0000000084b00000|  0%| F|  |TAMS 0x0000000084a00000| PB 0x0000000084a00000| Untracked 
|  29|0x0000000084b00000, 0x0000000084b00000, 0x0000000084c00000|  0%| F|  |TAMS 0x0000000084b00000| PB 0x0000000084b00000| Untracked 
|  30|0x0000000084c00000, 0x0000000084c00000, 0x0000000084d00000|  0%| F|  |TAMS 0x0000000084c00000| PB 0x0000000084c00000| Untracked 
|  31|0x0000000084d00000, 0x0000000084d00000, 0x0000000084e00000|  0%| F|  |TAMS 0x0000000084d00000| PB 0x0000000084d00000| Untracked 
|  32|0x0000000084e00000, 0x0000000084e00000, 0x0000000084f00000|  0%| F|  |TAMS 0x0000000084e00000| PB 0x0000000084e00000| Untracked 
|  33|0x0000000084f00000, 0x0000000084f00000, 0x0000000085000000|  0%| F|  |TAMS 0x0000000084f00000| PB 0x0000000084f00000| Untracked 
|  34|0x0000000085000000, 0x0000000085000000, 0x0000000085100000|  0%| F|  |TAMS 0x0000000085000000| PB 0x0000000085000000| Untracked 
|  35|0x0000000085100000, 0x0000000085100000, 0x0000000085200000|  0%| F|  |TAMS 0x0000000085100000| PB 0x0000000085100000| Untracked 
|  36|0x0000000085200000, 0x0000000085200000, 0x0000000085300000|  0%| F|  |TAMS 0x0000000085200000| PB 0x0000000085200000| Untracked 
|  37|0x0000000085300000, 0x0000000085300000, 0x0000000085400000|  0%| F|  |TAMS 0x0000000085300000| PB 0x0000000085300000| Untracked 
|  38|0x0000000085400000, 0x0000000085400000, 0x0000000085500000|  0%| F|  |TAMS 0x0000000085400000| PB 0x0000000085400000| Untracked 
|  39|0x0000000085500000, 0x0000000085500000, 0x0000000085600000|  0%| F|  |TAMS 0x0000000085500000| PB 0x0000000085500000| Untracked 
|  40|0x0000000085600000, 0x0000000085600000, 0x0000000085700000|  0%| F|  |TAMS 0x0000000085600000| PB 0x0000000085600000| Untracked 
|  41|0x0000000085700000, 0x0000000085700000, 0x0000000085800000|  0%| F|  |TAMS 0x0000000085700000| PB 0x0000000085700000| Untracked 
|  42|0x0000000085800000, 0x0000000085800000, 0x0000000085900000|  0%| F|  |TAMS 0x0000000085800000| PB 0x0000000085800000| Untracked 
|  43|0x0000000085900000, 0x0000000085900000, 0x0000000085a00000|  0%| F|  |TAMS 0x0000000085900000| PB 0x0000000085900000| Untracked 
|  44|0x0000000085a00000, 0x0000000085a00000, 0x0000000085b00000|  0%| F|  |TAMS 0x0000000085a00000| PB 0x0000000085a00000| Untracked 
|  45|0x0000000085b00000, 0x0000000085b00000, 0x0000000085c00000|  0%| F|  |TAMS 0x0000000085b00000| PB 0x0000000085b00000| Untracked 
|  46|0x0000000085c00000, 0x0000000085c00000, 0x0000000085d00000|  0%| F|  |TAMS 0x0000000085c00000| PB 0x0000000085c00000| Untracked 
|  47|0x0000000085d00000, 0x0000000085d00000, 0x0000000085e00000|  0%| F|  |TAMS 0x0000000085d00000| PB 0x0000000085d00000| Untracked 
|  48|0x0000000085e00000, 0x0000000085e00000, 0x0000000085f00000|  0%| F|  |TAMS 0x0000000085e00000| PB 0x0000000085e00000| Untracked 
|  49|0x0000000085f00000, 0x0000000085f00000, 0x0000000086000000|  0%| F|  |TAMS 0x0000000085f00000| PB 0x0000000085f00000| Untracked 
|  50|0x0000000086000000, 0x0000000086000000, 0x0000000086100000|  0%| F|  |TAMS 0x0000000086000000| PB 0x0000000086000000| Untracked 
|  51|0x0000000086100000, 0x0000000086100000, 0x0000000086200000|  0%| F|  |TAMS 0x0000000086100000| PB 0x0000000086100000| Untracked 
|  52|0x0000000086200000, 0x0000000086200000, 0x0000000086300000|  0%| F|  |TAMS 0x0000000086200000| PB 0x0000000086200000| Untracked 
|  53|0x0000000086300000, 0x00000000863d6ef8, 0x0000000086400000| 83%| E|  |TAMS 0x0000000086300000| PB 0x0000000086300000| Complete 
|  54|0x0000000086400000, 0x0000000086500000, 0x0000000086500000|100%| E|CS|TAMS 0x0000000086400000| PB 0x0000000086400000| Complete 
|  55|0x0000000086500000, 0x0000000086600000, 0x0000000086600000|100%| E|CS|TAMS 0x0000000086500000| PB 0x0000000086500000| Complete 
|  56|0x0000000086600000, 0x0000000086700000, 0x0000000086700000|100%| E|CS|TAMS 0x0000000086600000| PB 0x0000000086600000| Complete 
|  57|0x0000000086700000, 0x0000000086800000, 0x0000000086800000|100%| E|CS|TAMS 0x0000000086700000| PB 0x0000000086700000| Complete 
|  58|0x0000000086800000, 0x0000000086900000, 0x0000000086900000|100%| E|CS|TAMS 0x0000000086800000| PB 0x0000000086800000| Complete 
|  59|0x0000000086900000, 0x0000000086a00000, 0x0000000086a00000|100%| E|CS|TAMS 0x0000000086900000| PB 0x0000000086900000| Complete 
|  60|0x0000000086a00000, 0x0000000086b00000, 0x0000000086b00000|100%| E|CS|TAMS 0x0000000086a00000| PB 0x0000000086a00000| Complete 
|  61|0x0000000086b00000, 0x0000000086c00000, 0x0000000086c00000|100%| E|CS|TAMS 0x0000000086b00000| PB 0x0000000086b00000| Complete 
|  62|0x0000000086c00000, 0x0000000086d00000, 0x0000000086d00000|100%| E|CS|TAMS 0x0000000086c00000| PB 0x0000000086c00000| Complete 
|  63|0x0000000086d00000, 0x0000000086e00000, 0x0000000086e00000|100%| E|CS|TAMS 0x0000000086d00000| PB 0x0000000086d00000| Complete 
|  64|0x0000000086e00000, 0x0000000086f00000, 0x0000000086f00000|100%| E|CS|TAMS 0x0000000086e00000| PB 0x0000000086e00000| Complete 
|  65|0x0000000086f00000, 0x0000000087000000, 0x0000000087000000|100%| E|CS|TAMS 0x0000000086f00000| PB 0x0000000086f00000| Complete 
|  66|0x0000000087000000, 0x0000000087100000, 0x0000000087100000|100%| E|CS|TAMS 0x0000000087000000| PB 0x0000000087000000| Complete 
|  67|0x0000000087100000, 0x0000000087200000, 0x0000000087200000|100%| E|CS|TAMS 0x0000000087100000| PB 0x0000000087100000| Complete 
|  68|0x0000000087200000, 0x0000000087300000, 0x0000000087300000|100%| E|CS|TAMS 0x0000000087200000| PB 0x0000000087200000| Complete 
|  69|0x0000000087300000, 0x0000000087400000, 0x0000000087400000|100%| E|CS|TAMS 0x0000000087300000| PB 0x0000000087300000| Complete 
|  70|0x0000000087400000, 0x0000000087500000, 0x0000000087500000|100%| E|CS|TAMS 0x0000000087400000| PB 0x0000000087400000| Complete 
|  71|0x0000000087500000, 0x0000000087600000, 0x0000000087600000|100%| E|CS|TAMS 0x0000000087500000| PB 0x0000000087500000| Complete 
|  73|0x0000000087700000, 0x0000000087800000, 0x0000000087800000|100%| S|CS|TAMS 0x0000000087700000| PB 0x0000000087700000| Complete 
|  74|0x0000000087800000, 0x0000000087900000, 0x0000000087900000|100%| S|CS|TAMS 0x0000000087800000| PB 0x0000000087800000| Complete 
|  75|0x0000000087900000, 0x0000000087a00000, 0x0000000087a00000|100%| S|CS|TAMS 0x0000000087900000| PB 0x0000000087900000| Complete 
|  76|0x0000000087a00000, 0x0000000087b00000, 0x0000000087b00000|100%| S|CS|TAMS 0x0000000087a00000| PB 0x0000000087a00000| Complete 
|  77|0x0000000087b00000, 0x0000000087c00000, 0x0000000087c00000|100%| S|CS|TAMS 0x0000000087b00000| PB 0x0000000087b00000| Complete 
|  78|0x0000000087c00000, 0x0000000087d00000, 0x0000000087d00000|100%| S|CS|TAMS 0x0000000087c00000| PB 0x0000000087c00000| Complete 
| 124|0x000000008aa00000, 0x000000008ab00000, 0x000000008ab00000|100%| E|CS|TAMS 0x000000008aa00000| PB 0x000000008aa00000| Complete 
| 125|0x000000008ab00000, 0x000000008ac00000, 0x000000008ac00000|100%| E|CS|TAMS 0x000000008ab00000| PB 0x000000008ab00000| Complete 
| 126|0x000000008ac00000, 0x000000008ad00000, 0x000000008ad00000|100%|HS|  |TAMS 0x000000008ac00000| PB 0x000000008ac00000| Complete 
| 127|0x000000008ad00000, 0x000000008ae00000, 0x000000008ae00000|100%|HC|  |TAMS 0x000000008ad00000| PB 0x000000008ad00000| Complete 
| 128|0x000000008ae00000, 0x000000008af00000, 0x000000008af00000|100%|HC|  |TAMS 0x000000008ae00000| PB 0x000000008ae00000| Complete 
| 129|0x000000008af00000, 0x000000008b000000, 0x000000008b000000|100%|HC|  |TAMS 0x000000008af00000| PB 0x000000008af00000| Complete 
| 130|0x000000008b000000, 0x000000008b100000, 0x000000008b100000|100%|HC|  |TAMS 0x000000008b000000| PB 0x000000008b000000| Complete 
| 131|0x000000008b100000, 0x000000008b200000, 0x000000008b200000|100%|HC|  |TAMS 0x000000008b100000| PB 0x000000008b100000| Complete 
| 132|0x000000008b200000, 0x000000008b300000, 0x000000008b300000|100%|HC|  |TAMS 0x000000008b200000| PB 0x000000008b200000| Complete 
| 133|0x000000008b300000, 0x000000008b400000, 0x000000008b400000|100%|HC|  |TAMS 0x000000008b300000| PB 0x000000008b300000| Complete 
| 134|0x000000008b400000, 0x000000008b500000, 0x000000008b500000|100%|HC|  |TAMS 0x000000008b400000| PB 0x000000008b400000| Complete 
| 135|0x000000008b500000, 0x000000008b600000, 0x000000008b600000|100%|HC|  |TAMS 0x000000008b500000| PB 0x000000008b500000| Complete 
| 136|0x000000008b600000, 0x000000008b700000, 0x000000008b700000|100%|HC|  |TAMS 0x000000008b600000| PB 0x000000008b600000| Complete 
| 137|0x000000008b700000, 0x000000008b800000, 0x000000008b800000|100%|HC|  |TAMS 0x000000008b700000| PB 0x000000008b700000| Complete 
| 138|0x000000008b800000, 0x000000008b900000, 0x000000008b900000|100%|HC|  |TAMS 0x000000008b800000| PB 0x000000008b800000| Complete 
| 139|0x000000008b900000, 0x000000008ba00000, 0x000000008ba00000|100%|HC|  |TAMS 0x000000008b900000| PB 0x000000008b900000| Complete 
| 140|0x000000008ba00000, 0x000000008bb00000, 0x000000008bb00000|100%|HC|  |TAMS 0x000000008ba00000| PB 0x000000008ba00000| Complete 
| 141|0x000000008bb00000, 0x000000008bc00000, 0x000000008bc00000|100%|HC|  |TAMS 0x000000008bb00000| PB 0x000000008bb00000| Complete 
| 142|0x000000008bc00000, 0x000000008bd00000, 0x000000008bd00000|100%|HC|  |TAMS 0x000000008bc00000| PB 0x000000008bc00000| Complete 
| 143|0x000000008bd00000, 0x000000008be00000, 0x000000008be00000|100%|HC|  |TAMS 0x000000008bd00000| PB 0x000000008bd00000| Complete 
| 144|0x000000008be00000, 0x000000008bf00000, 0x000000008bf00000|100%|HC|  |TAMS 0x000000008be00000| PB 0x000000008be00000| Complete 
| 145|0x000000008bf00000, 0x000000008c000000, 0x000000008c000000|100%|HC|  |TAMS 0x000000008bf00000| PB 0x000000008bf00000| Complete 
| 146|0x000000008c000000, 0x000000008c100000, 0x000000008c100000|100%|HC|  |TAMS 0x000000008c000000| PB 0x000000008c000000| Complete 
| 147|0x000000008c100000, 0x000000008c200000, 0x000000008c200000|100%|HC|  |TAMS 0x000000008c100000| PB 0x000000008c100000| Complete 
| 148|0x000000008c200000, 0x000000008c300000, 0x000000008c300000|100%|HC|  |TAMS 0x000000008c200000| PB 0x000000008c200000| Complete 
| 149|0x000000008c300000, 0x000000008c400000, 0x000000008c400000|100%|HC|  |TAMS 0x000000008c300000| PB 0x000000008c300000| Complete 
| 150|0x000000008c400000, 0x000000008c500000, 0x000000008c500000|100%|HC|  |TAMS 0x000000008c400000| PB 0x000000008c400000| Complete 
| 151|0x000000008c500000, 0x000000008c600000, 0x000000008c600000|100%|HC|  |TAMS 0x000000008c500000| PB 0x000000008c500000| Complete 
| 152|0x000000008c600000, 0x000000008c700000, 0x000000008c700000|100%|HC|  |TAMS 0x000000008c600000| PB 0x000000008c600000| Complete 
| 153|0x000000008c700000, 0x000000008c800000, 0x000000008c800000|100%|HC|  |TAMS 0x000000008c700000| PB 0x000000008c700000| Complete 
| 154|0x000000008c800000, 0x000000008c900000, 0x000000008c900000|100%|HC|  |TAMS 0x000000008c800000| PB 0x000000008c800000| Complete 
| 155|0x000000008c900000, 0x000000008ca00000, 0x000000008ca00000|100%|HC|  |TAMS 0x000000008c900000| PB 0x000000008c900000| Complete 
| 156|0x000000008ca00000, 0x000000008cb00000, 0x000000008cb00000|100%|HC|  |TAMS 0x000000008ca00000| PB 0x000000008ca00000| Complete 
| 157|0x000000008cb00000, 0x000000008cc00000, 0x000000008cc00000|100%|HC|  |TAMS 0x000000008cb00000| PB 0x000000008cb00000| Complete 
| 158|0x000000008cc00000, 0x000000008cd00000, 0x000000008cd00000|100%|HC|  |TAMS 0x000000008cc00000| PB 0x000000008cc00000| Complete 
| 159|0x000000008cd00000, 0x000000008ce00000, 0x000000008ce00000|100%|HC|  |TAMS 0x000000008cd00000| PB 0x000000008cd00000| Complete 
| 160|0x000000008ce00000, 0x000000008cf00000, 0x000000008cf00000|100%|HC|  |TAMS 0x000000008ce00000| PB 0x000000008ce00000| Complete 
| 161|0x000000008cf00000, 0x000000008d000000, 0x000000008d000000|100%|HC|  |TAMS 0x000000008cf00000| PB 0x000000008cf00000| Complete 
| 162|0x000000008d000000, 0x000000008d100000, 0x000000008d100000|100%|HC|  |TAMS 0x000000008d000000| PB 0x000000008d000000| Complete 
| 163|0x000000008d100000, 0x000000008d200000, 0x000000008d200000|100%|HC|  |TAMS 0x000000008d100000| PB 0x000000008d100000| Complete 
| 164|0x000000008d200000, 0x000000008d300000, 0x000000008d300000|100%|HC|  |TAMS 0x000000008d200000| PB 0x000000008d200000| Complete 
| 165|0x000000008d300000, 0x000000008d400000, 0x000000008d400000|100%|HC|  |TAMS 0x000000008d300000| PB 0x000000008d300000| Complete 
| 166|0x000000008d400000, 0x000000008d500000, 0x000000008d500000|100%|HC|  |TAMS 0x000000008d400000| PB 0x000000008d400000| Complete 
| 167|0x000000008d500000, 0x000000008d600000, 0x000000008d600000|100%|HC|  |TAMS 0x000000008d500000| PB 0x000000008d500000| Complete 
| 168|0x000000008d600000, 0x000000008d700000, 0x000000008d700000|100%|HC|  |TAMS 0x000000008d600000| PB 0x000000008d600000| Complete 
| 169|0x000000008d700000, 0x000000008d800000, 0x000000008d800000|100%|HC|  |TAMS 0x000000008d700000| PB 0x000000008d700000| Complete 
| 170|0x000000008d800000, 0x000000008d900000, 0x000000008d900000|100%|HC|  |TAMS 0x000000008d800000| PB 0x000000008d800000| Complete 
| 171|0x000000008d900000, 0x000000008da00000, 0x000000008da00000|100%|HC|  |TAMS 0x000000008d900000| PB 0x000000008d900000| Complete 
| 172|0x000000008da00000, 0x000000008db00000, 0x000000008db00000|100%|HC|  |TAMS 0x000000008da00000| PB 0x000000008da00000| Complete 
| 173|0x000000008db00000, 0x000000008dc00000, 0x000000008dc00000|100%|HC|  |TAMS 0x000000008db00000| PB 0x000000008db00000| Complete 
| 174|0x000000008dc00000, 0x000000008dd00000, 0x000000008dd00000|100%|HC|  |TAMS 0x000000008dc00000| PB 0x000000008dc00000| Complete 
| 175|0x000000008dd00000, 0x000000008de00000, 0x000000008de00000|100%|HC|  |TAMS 0x000000008dd00000| PB 0x000000008dd00000| Complete 
| 176|0x000000008de00000, 0x000000008df00000, 0x000000008df00000|100%|HC|  |TAMS 0x000000008de00000| PB 0x000000008de00000| Complete 
| 177|0x000000008df00000, 0x000000008e000000, 0x000000008e000000|100%|HC|  |TAMS 0x000000008df00000| PB 0x000000008df00000| Complete 
| 178|0x000000008e000000, 0x000000008e100000, 0x000000008e100000|100%|HC|  |TAMS 0x000000008e000000| PB 0x000000008e000000| Complete 
| 179|0x000000008e100000, 0x000000008e200000, 0x000000008e200000|100%|HC|  |TAMS 0x000000008e100000| PB 0x000000008e100000| Complete 
| 180|0x000000008e200000, 0x000000008e300000, 0x000000008e300000|100%|HC|  |TAMS 0x000000008e200000| PB 0x000000008e200000| Complete 
| 181|0x000000008e300000, 0x000000008e400000, 0x000000008e400000|100%|HC|  |TAMS 0x000000008e300000| PB 0x000000008e300000| Complete 
| 182|0x000000008e400000, 0x000000008e500000, 0x000000008e500000|100%|HC|  |TAMS 0x000000008e400000| PB 0x000000008e400000| Complete 
| 183|0x000000008e500000, 0x000000008e600000, 0x000000008e600000|100%|HC|  |TAMS 0x000000008e500000| PB 0x000000008e500000| Complete 
| 184|0x000000008e600000, 0x000000008e700000, 0x000000008e700000|100%|HC|  |TAMS 0x000000008e600000| PB 0x000000008e600000| Complete 
| 185|0x000000008e700000, 0x000000008e800000, 0x000000008e800000|100%|HC|  |TAMS 0x000000008e700000| PB 0x000000008e700000| Complete 
| 186|0x000000008e800000, 0x000000008e900000, 0x000000008e900000|100%|HC|  |TAMS 0x000000008e800000| PB 0x000000008e800000| Complete 
| 187|0x000000008e900000, 0x000000008ea00000, 0x000000008ea00000|100%|HC|  |TAMS 0x000000008e900000| PB 0x000000008e900000| Complete 
| 188|0x000000008ea00000, 0x000000008eb00000, 0x000000008eb00000|100%|HC|  |TAMS 0x000000008ea00000| PB 0x000000008ea00000| Complete 
| 189|0x000000008eb00000, 0x000000008ec00000, 0x000000008ec00000|100%|HC|  |TAMS 0x000000008eb00000| PB 0x000000008eb00000| Complete 
| 190|0x000000008ec00000, 0x000000008ed00000, 0x000000008ed00000|100%|HC|  |TAMS 0x000000008ec00000| PB 0x000000008ec00000| Complete 
| 191|0x000000008ed00000, 0x000000008ee00000, 0x000000008ee00000|100%|HC|  |TAMS 0x000000008ed00000| PB 0x000000008ed00000| Complete 
| 192|0x000000008ee00000, 0x000000008ef00000, 0x000000008ef00000|100%|HC|  |TAMS 0x000000008ee00000| PB 0x000000008ee00000| Complete 
| 193|0x000000008ef00000, 0x000000008f000000, 0x000000008f000000|100%|HC|  |TAMS 0x000000008ef00000| PB 0x000000008ef00000| Complete 
| 194|0x000000008f000000, 0x000000008f100000, 0x000000008f100000|100%|HC|  |TAMS 0x000000008f000000| PB 0x000000008f000000| Complete 
| 195|0x000000008f100000, 0x000000008f200000, 0x000000008f200000|100%|HC|  |TAMS 0x000000008f100000| PB 0x000000008f100000| Complete 
| 196|0x000000008f200000, 0x000000008f300000, 0x000000008f300000|100%|HC|  |TAMS 0x000000008f200000| PB 0x000000008f200000| Complete 
| 197|0x000000008f300000, 0x000000008f400000, 0x000000008f400000|100%|HC|  |TAMS 0x000000008f300000| PB 0x000000008f300000| Complete 
| 198|0x000000008f400000, 0x000000008f500000, 0x000000008f500000|100%|HC|  |TAMS 0x000000008f400000| PB 0x000000008f400000| Complete 
| 199|0x000000008f500000, 0x000000008f600000, 0x000000008f600000|100%|HC|  |TAMS 0x000000008f500000| PB 0x000000008f500000| Complete 
| 200|0x000000008f600000, 0x000000008f700000, 0x000000008f700000|100%|HC|  |TAMS 0x000000008f600000| PB 0x000000008f600000| Complete 
| 201|0x000000008f700000, 0x000000008f800000, 0x000000008f800000|100%|HC|  |TAMS 0x000000008f700000| PB 0x000000008f700000| Complete 
| 202|0x000000008f800000, 0x000000008f900000, 0x000000008f900000|100%|HC|  |TAMS 0x000000008f800000| PB 0x000000008f800000| Complete 
| 203|0x000000008f900000, 0x000000008fa00000, 0x000000008fa00000|100%|HC|  |TAMS 0x000000008f900000| PB 0x000000008f900000| Complete 
| 204|0x000000008fa00000, 0x000000008fb00000, 0x000000008fb00000|100%|HC|  |TAMS 0x000000008fa00000| PB 0x000000008fa00000| Complete 
| 205|0x000000008fb00000, 0x000000008fc00000, 0x000000008fc00000|100%|HC|  |TAMS 0x000000008fb00000| PB 0x000000008fb00000| Complete 
| 206|0x000000008fc00000, 0x000000008fd00000, 0x000000008fd00000|100%|HC|  |TAMS 0x000000008fc00000| PB 0x000000008fc00000| Complete 
| 207|0x000000008fd00000, 0x000000008fe00000, 0x000000008fe00000|100%|HC|  |TAMS 0x000000008fd00000| PB 0x000000008fd00000| Complete 
| 208|0x000000008fe00000, 0x000000008ff00000, 0x000000008ff00000|100%|HC|  |TAMS 0x000000008fe00000| PB 0x000000008fe00000| Complete 
| 209|0x000000008ff00000, 0x0000000090000000, 0x0000000090000000|100%|HC|  |TAMS 0x000000008ff00000| PB 0x000000008ff00000| Complete 
| 210|0x0000000090000000, 0x0000000090100000, 0x0000000090100000|100%|HC|  |TAMS 0x0000000090000000| PB 0x0000000090000000| Complete 
| 211|0x0000000090100000, 0x0000000090200000, 0x0000000090200000|100%|HC|  |TAMS 0x0000000090100000| PB 0x0000000090100000| Complete 
| 212|0x0000000090200000, 0x0000000090300000, 0x0000000090300000|100%|HC|  |TAMS 0x0000000090200000| PB 0x0000000090200000| Complete 
| 213|0x0000000090300000, 0x0000000090400000, 0x0000000090400000|100%|HC|  |TAMS 0x0000000090300000| PB 0x0000000090300000| Complete 
| 214|0x0000000090400000, 0x0000000090500000, 0x0000000090500000|100%|HC|  |TAMS 0x0000000090400000| PB 0x0000000090400000| Complete 
| 215|0x0000000090500000, 0x0000000090600000, 0x0000000090600000|100%|HC|  |TAMS 0x0000000090500000| PB 0x0000000090500000| Complete 
| 216|0x0000000090600000, 0x0000000090700000, 0x0000000090700000|100%|HC|  |TAMS 0x0000000090600000| PB 0x0000000090600000| Complete 
| 217|0x0000000090700000, 0x0000000090800000, 0x0000000090800000|100%|HC|  |TAMS 0x0000000090700000| PB 0x0000000090700000| Complete 
| 218|0x0000000090800000, 0x0000000090900000, 0x0000000090900000|100%|HC|  |TAMS 0x0000000090800000| PB 0x0000000090800000| Complete 
| 219|0x0000000090900000, 0x0000000090a00000, 0x0000000090a00000|100%|HC|  |TAMS 0x0000000090900000| PB 0x0000000090900000| Complete 
| 220|0x0000000090a00000, 0x0000000090b00000, 0x0000000090b00000|100%|HC|  |TAMS 0x0000000090a00000| PB 0x0000000090a00000| Complete 
| 221|0x0000000090b00000, 0x0000000090c00000, 0x0000000090c00000|100%|HC|  |TAMS 0x0000000090b00000| PB 0x0000000090b00000| Complete 

Card table byte_map: [0x000001b5dd310000,0x000001b5dd700000] _byte_map_base: 0x000001b5dcef9000

Marking Bits: (CMBitMap*) 0x000001b5c57ee410
 Bits: [0x000001b5dd700000, 0x000001b5df648000)

Polling page: 0x000001b5c4f60000

Metaspace:

Usage:
  Non-class:     19.83 MB used.
      Class:      3.18 MB used.
       Both:     23.00 MB used.

Virtual space:
  Non-class space:       64.00 MB reserved,      20.00 MB ( 31%) committed,  1 nodes.
      Class space:        1.00 GB reserved,       3.38 MB ( <1%) committed,  1 nodes.
             Both:        1.06 GB reserved,      23.38 MB (  2%) committed. 

Chunk freelists:
   Non-Class:  11.69 MB
       Class:  12.61 MB
        Both:  24.30 MB

MaxMetaspaceSize: unlimited
CompressedClassSpaceSize: 1.00 GB
Initial GC threshold: 21.00 MB
Current GC threshold: 35.25 MB
CDS: on
 - commit_granule_bytes: 65536.
 - commit_granule_words: 8192.
 - virtual_space_node_default_size: 8388608.
 - enlarge_chunks_in_place: 1.
 - use_allocation_guard: 0.


Internal statistics:

num_allocs_failed_limit: 3.
num_arena_births: 324.
num_arena_deaths: 0.
num_vsnodes_births: 2.
num_vsnodes_deaths: 0.
num_space_committed: 374.
num_space_uncommitted: 0.
num_chunks_returned_to_freelist: 3.
num_chunks_taken_from_freelist: 1077.
num_chunk_merges: 3.
num_chunk_splits: 747.
num_chunks_enlarged: 568.
num_inconsistent_stats: 0.

CodeHeap 'non-profiled nmethods': size=120000Kb used=2468Kb max_used=2468Kb free=117531Kb
 bounds [0x000001b5d56c0000, 0x000001b5d5930000, 0x000001b5dcbf0000]
CodeHeap 'profiled nmethods': size=120000Kb used=9776Kb max_used=9776Kb free=110223Kb
 bounds [0x000001b5cdbf0000, 0x000001b5ce580000, 0x000001b5d5120000]
CodeHeap 'non-nmethods': size=5760Kb used=1882Kb max_used=1964Kb free=3877Kb
 bounds [0x000001b5d5120000, 0x000001b5d5390000, 0x000001b5d56c0000]
 total_blobs=5734 nmethods=4857 adapters=779
 compilation: enabled
              stopped_count=0, restarted_count=0
 full_count=0

Compilation events (20 events):
Event: 114.224 Thread 0x000001b5e208c1c0 nmethod 4851 0x000001b5d5921910 code [0x000001b5d5921aa0, 0x000001b5d5921b40]
Event: 114.230 Thread 0x000001b5e20969c0 4852       3       com.sun.javafx.font.directwrite.DWGlyph::checkBounds (161 bytes)
Event: 114.232 Thread 0x000001b5e20969c0 nmethod 4852 0x000001b5ce574390 code [0x000001b5ce5745c0, 0x000001b5ce574d90]
Event: 114.237 Thread 0x000001b5e20969c0 4853       3       com.sun.javafx.sg.prism.NGNode::getOpaqueRegion (173 bytes)
Event: 114.244 Thread 0x000001b5e20969c0 nmethod 4853 0x000001b5ce575010 code [0x000001b5ce5752a0, 0x000001b5ce575f78]
Event: 114.244 Thread 0x000001b5e20969c0 4854   !   3       com.sun.javafx.sg.prism.NGGroup::renderContent (422 bytes)
Event: 114.260 Thread 0x000001b5e20969c0 nmethod 4854 0x000001b5ce576290 code [0x000001b5ce5768e0, 0x000001b5ce57a418]
Event: 114.261 Thread 0x000001b5e20969c0 4855       1       com.sun.javafx.font.PrismFontStrike::getSize (5 bytes)
Event: 114.261 Thread 0x000001b5e20969c0 nmethod 4855 0x000001b5d5921c10 code [0x000001b5d5921da0, 0x000001b5d5921e68]
Event: 114.261 Thread 0x000001b5e20969c0 4856       1       com.sun.javafx.font.directwrite.DWFontFile::getFontFace (5 bytes)
Event: 114.261 Thread 0x000001b5e20969c0 nmethod 4856 0x000001b5d5921f10 code [0x000001b5d59220a0, 0x000001b5d5922170]
Event: 114.291 Thread 0x000001b5e2dfb9b0 nmethod 4777 0x000001b5d5922210 code [0x000001b5d5922680, 0x000001b5d5926590]
Event: 114.433 Thread 0x000001b5e20969c0 4857       3       java.lang.Character::isUpperCase (5 bytes)
Event: 114.433 Thread 0x000001b5e20969c0 nmethod 4857 0x000001b5ce57b910 code [0x000001b5ce57bae0, 0x000001b5ce57bd40]
Event: 114.433 Thread 0x000001b5e20969c0 4858       3       java.util.Formatter$Conversion::isText (34 bytes)
Event: 114.433 Thread 0x000001b5e20969c0 nmethod 4858 0x000001b5ce57be90 code [0x000001b5ce57c020, 0x000001b5ce57c198]
Event: 114.433 Thread 0x000001b5e20969c0 4859       1       javax.management.ObjectName$Property::setKeyIndex (6 bytes)
Event: 114.433 Thread 0x000001b5e20969c0 nmethod 4859 0x000001b5d5928c10 code [0x000001b5d5928da0, 0x000001b5d5928e68]
Event: 114.434 Thread 0x000001b5e208c1c0 4860       4       java.util.AbstractSet::<init> (5 bytes)
Event: 114.434 Thread 0x000001b5e208c1c0 nmethod 4860 0x000001b5d5928f10 code [0x000001b5d59290a0, 0x000001b5d5929128]

GC Heap History (6 events):
Event: 0.563 GC heap before
{Heap before GC invocations=0 (full 0):
 garbage-first heap   total 129024K, used 22528K [0x0000000082e00000, 0x0000000100000000)
  region size 1024K, 23 young (23552K), 0 survivors (0K)
 Metaspace       used 4702K, committed 4928K, reserved 1114112K
  class space    used 486K, committed 576K, reserved 1048576K
}
Event: 0.566 GC heap after
{Heap after GC invocations=1 (full 0):
 garbage-first heap   total 129024K, used 2960K [0x0000000082e00000, 0x0000000100000000)
  region size 1024K, 3 young (3072K), 3 survivors (3072K)
 Metaspace       used 4702K, committed 4928K, reserved 1114112K
  class space    used 486K, committed 576K, reserved 1048576K
}
Event: 1.046 GC heap before
{Heap before GC invocations=1 (full 0):
 garbage-first heap   total 129024K, used 35728K [0x0000000082e00000, 0x0000000100000000)
  region size 1024K, 36 young (36864K), 3 survivors (3072K)
 Metaspace       used 12573K, committed 12928K, reserved 1114112K
  class space    used 1507K, committed 1664K, reserved 1048576K
}
Event: 1.052 GC heap after
{Heap after GC invocations=2 (full 0):
 garbage-first heap   total 129024K, used 7438K [0x0000000082e00000, 0x0000000100000000)
  region size 1024K, 5 young (5120K), 5 survivors (5120K)
 Metaspace       used 12573K, committed 12928K, reserved 1114112K
  class space    used 1507K, committed 1664K, reserved 1048576K
}
Event: 45.711 GC heap before
{Heap before GC invocations=2 (full 0):
 garbage-first heap   total 129024K, used 63758K [0x0000000082e00000, 0x0000000100000000)
  region size 1024K, 47 young (48128K), 5 survivors (5120K)
 Metaspace       used 21190K, committed 21504K, reserved 1114112K
  class space    used 2998K, committed 3136K, reserved 1048576K
}
Event: 45.717 GC heap after
{Heap after GC invocations=3 (full 0):
 garbage-first heap   total 129024K, used 22353K [0x0000000082e00000, 0x0000000100000000)
  region size 1024K, 6 young (6144K), 6 survivors (6144K)
 Metaspace       used 21190K, committed 21504K, reserved 1114112K
  class space    used 2998K, committed 3136K, reserved 1048576K
}

Dll operation events (20 events):
Event: 0.395 Loaded shared library C:\Users\admin\.openjfx\cache\17.0.2-ea\api-ms-win-crt-multibyte-l1-1-0.dll
Event: 0.397 Loaded shared library C:\Users\admin\.openjfx\cache\17.0.2-ea\api-ms-win-crt-private-l1-1-0.dll
Event: 0.399 Loaded shared library C:\Users\admin\.openjfx\cache\17.0.2-ea\api-ms-win-crt-process-l1-1-0.dll
Event: 0.402 Loaded shared library C:\Users\admin\.openjfx\cache\17.0.2-ea\api-ms-win-crt-runtime-l1-1-0.dll
Event: 0.404 Loaded shared library C:\Users\admin\.openjfx\cache\17.0.2-ea\api-ms-win-crt-stdio-l1-1-0.dll
Event: 0.406 Loaded shared library C:\Users\admin\.openjfx\cache\17.0.2-ea\api-ms-win-crt-string-l1-1-0.dll
Event: 0.408 Loaded shared library C:\Users\admin\.openjfx\cache\17.0.2-ea\api-ms-win-crt-time-l1-1-0.dll
Event: 0.410 Loaded shared library C:\Users\admin\.openjfx\cache\17.0.2-ea\api-ms-win-crt-utility-l1-1-0.dll
Event: 0.421 Loaded shared library C:\Users\admin\.openjfx\cache\17.0.2-ea\ucrtbase.dll
Event: 0.424 Loaded shared library C:\Users\admin\.openjfx\cache\17.0.2-ea\vcruntime140.dll
Event: 0.426 Loaded shared library C:\Users\admin\.openjfx\cache\17.0.2-ea\vcruntime140_1.dll
Event: 0.432 Loaded shared library C:\Users\admin\.openjfx\cache\17.0.2-ea\msvcp140.dll
Event: 0.464 Loaded shared library C:\Users\admin\.openjfx\cache\17.0.2-ea\prism_d3d.dll
Event: 0.498 Loaded shared library C:\Users\admin\.openjfx\cache\17.0.2-ea\glass.dll
Event: 0.621 Loaded shared library C:\Users\admin\.openjfx\cache\17.0.2-ea\javafx_font.dll
Event: 0.717 Loaded shared library C:\Program Files\Java\jdk-21\bin\jimage.dll
Event: 0.865 Loaded shared library C:\Program Files\Java\jdk-21\bin\management.dll
Event: 0.868 Loaded shared library C:\Program Files\Java\jdk-21\bin\management_ext.dll
Event: 1.256 Loaded shared library C:\Users\admin\.openjfx\cache\17.0.2-ea\javafx_iio.dll
Event: 45.618 Loaded shared library C:\Users\admin\AppData\Local\Temp\jSerialComm\2.10.3\jSerialComm.dll

Deoptimization events (20 events):
Event: 114.206 Thread 0x000001b5e7673b10 Uncommon trap: trap_request=0xffffffde fr.pc=0x000001b5d58ab6d8 relative=0x0000000000002518
Event: 114.206 Thread 0x000001b5e7673b10 Uncommon trap: reason=class_check action=maybe_recompile pc=0x000001b5d58ab6d8 method=com.sun.prism.impl.ps.BaseShaderContext.checkState(Lcom/sun/prism/impl/ps/BaseShaderGraphics;ILcom/sun/javafx/geom/transform/BaseTransform;Lcom/sun/prism/ps/Shader;)V @ 
Event: 114.206 Thread 0x000001b5e7673b10 DEOPT PACKING pc=0x000001b5d58ab6d8 sp=0x0000005ab38fdd30
Event: 114.206 Thread 0x000001b5e7673b10 DEOPT UNPACKING pc=0x000001b5d51746a2 sp=0x0000005ab38fdd38 mode 2
Event: 114.223 Thread 0x000001b5e7673b10 Uncommon trap: trap_request=0xffffffde fr.pc=0x000001b5d58ab6d8 relative=0x0000000000002518
Event: 114.223 Thread 0x000001b5e7673b10 Uncommon trap: reason=class_check action=maybe_recompile pc=0x000001b5d58ab6d8 method=com.sun.prism.impl.ps.BaseShaderContext.checkState(Lcom/sun/prism/impl/ps/BaseShaderGraphics;ILcom/sun/javafx/geom/transform/BaseTransform;Lcom/sun/prism/ps/Shader;)V @ 
Event: 114.223 Thread 0x000001b5e7673b10 DEOPT PACKING pc=0x000001b5d58ab6d8 sp=0x0000005ab38fdd30
Event: 114.223 Thread 0x000001b5e7673b10 DEOPT UNPACKING pc=0x000001b5d51746a2 sp=0x0000005ab38fdd38 mode 2
Event: 114.227 Thread 0x000001b5e7673b10 Uncommon trap: trap_request=0xffffffde fr.pc=0x000001b5d58ab6d8 relative=0x0000000000002518
Event: 114.227 Thread 0x000001b5e7673b10 Uncommon trap: reason=class_check action=maybe_recompile pc=0x000001b5d58ab6d8 method=com.sun.prism.impl.ps.BaseShaderContext.checkState(Lcom/sun/prism/impl/ps/BaseShaderGraphics;ILcom/sun/javafx/geom/transform/BaseTransform;Lcom/sun/prism/ps/Shader;)V @ 
Event: 114.227 Thread 0x000001b5e7673b10 DEOPT PACKING pc=0x000001b5d58ab6d8 sp=0x0000005ab38fdd30
Event: 114.227 Thread 0x000001b5e7673b10 DEOPT UNPACKING pc=0x000001b5d51746a2 sp=0x0000005ab38fdd38 mode 2
Event: 114.239 Thread 0x000001b5e7673b10 Uncommon trap: trap_request=0xffffff45 fr.pc=0x000001b5d58af960 relative=0x0000000000000480
Event: 114.239 Thread 0x000001b5e7673b10 Uncommon trap: reason=unstable_if action=reinterpret pc=0x000001b5d58af960 method=com.sun.javafx.sg.prism.NGNode.render(Lcom/sun/prism/Graphics;)V @ 29 c2
Event: 114.239 Thread 0x000001b5e7673b10 DEOPT PACKING pc=0x000001b5d58af960 sp=0x0000005ab38fe240
Event: 114.239 Thread 0x000001b5e7673b10 DEOPT UNPACKING pc=0x000001b5d51746a2 sp=0x0000005ab38fe140 mode 2
Event: 114.243 Thread 0x000001b5e7673b10 Uncommon trap: trap_request=0xffffff45 fr.pc=0x000001b5d58a3c94 relative=0x00000000000000d4
Event: 114.243 Thread 0x000001b5e7673b10 Uncommon trap: reason=unstable_if action=reinterpret pc=0x000001b5d58a3c94 method=com.sun.javafx.sg.prism.NGNode.render(Lcom/sun/prism/Graphics;)V @ 29 c2
Event: 114.243 Thread 0x000001b5e7673b10 DEOPT PACKING pc=0x000001b5d58a3c94 sp=0x0000005ab38fdfc0
Event: 114.243 Thread 0x000001b5e7673b10 DEOPT UNPACKING pc=0x000001b5d51746a2 sp=0x0000005ab38fdf60 mode 2

Classes loaded (20 events):
Event: 47.249 Loading class java/util/Timer$ThreadReaper
Event: 47.249 Loading class java/util/Timer$ThreadReaper done
Event: 47.291 Loading class java/lang/Byte$ByteCache
Event: 47.292 Loading class java/lang/Byte$ByteCache done
Event: 114.015 Loading class java/text/BreakIterator
Event: 114.015 Loading class java/text/BreakIterator done
Event: 114.015 Loading class sun/util/locale/provider/BreakIteratorProviderImpl
Event: 114.015 Loading class sun/util/locale/provider/BreakIteratorProviderImpl done
Event: 114.015 Loading class sun/util/locale/provider/BreakIteratorProviderImpl$GraphemeBreakIterator
Event: 114.016 Loading class sun/util/locale/provider/BreakIteratorProviderImpl$GraphemeBreakIterator done
Event: 114.016 Loading class java/text/StringCharacterIterator
Event: 114.016 Loading class java/text/StringCharacterIterator done
Event: 114.016 Loading class sun/util/locale/provider/BreakIteratorProviderImpl$CharacterIteratorCharSequence
Event: 114.016 Loading class sun/util/locale/provider/BreakIteratorProviderImpl$CharacterIteratorCharSequence done
Event: 114.016 Loading class java/text/BreakIterator$BreakIteratorCache
Event: 114.016 Loading class java/text/BreakIterator$BreakIteratorCache done
Event: 114.430 Loading class jdk/internal/misc/Signal$1
Event: 114.430 Loading class jdk/internal/misc/Signal$1 done
Event: 114.433 Loading class java/util/LinkedList$ListItr
Event: 114.433 Loading class java/util/LinkedList$ListItr done

Classes unloaded (0 events):
No events

Classes redefined (0 events):
No events

Internal exceptions (20 events):
Event: 1.416 Thread 0x000001b5e72c0360 Exception <a 'java/io/FileNotFoundException'{0x0000000089dec090}> (0x0000000089dec090) 
thrown [s\open\src\hotspot\share\prims\jni.cpp, line 520]
Event: 1.437 Thread 0x000001b5e72c0360 Exception <a 'java/lang/NoSuchMethodError'{0x0000000089b99330}: 'int java.lang.invoke.DirectMethodHandle$Holder.invokeStaticInit(java.lang.Object, java.lang.Object)'> (0x0000000089b99330) 
thrown [s\open\src\hotspot\share\interpreter\linkResolver.cpp, line 773]
Event: 1.467 Thread 0x000001b5e72c0360 Exception <a 'java/lang/NoSuchMethodError'{0x0000000089673598}: 'void java.lang.invoke.DirectMethodHandle$Holder.invokeSpecial(java.lang.Object, java.lang.Object, java.lang.Object, java.lang.Object, java.lang.Object, java.lang.Object)'> (0x0000000089673598) 
thrown [s\open\src\hotspot\share\interpreter\linkResolver.cpp, line 773]
Event: 1.483 Thread 0x000001b5e72c0360 Exception <a 'java/lang/IncompatibleClassChangeError'{0x00000000895b0d98}: Found class java.lang.Object, but interface was expected> (0x00000000895b0d98) 
thrown [s\open\src\hotspot\share\interpreter\linkResolver.cpp, line 840]
Event: 1.529 Thread 0x000001b5e72c0360 Exception <a 'java/lang/NoSuchMethodError'{0x000000008911dbf0}: 'int java.lang.invoke.DirectMethodHandle$Holder.invokeSpecial(java.lang.Object, java.lang.Object, int)'> (0x000000008911dbf0) 
thrown [s\open\src\hotspot\share\interpreter\linkResolver.cpp, line 773]
Event: 1.530 Thread 0x000001b5e72c0360 Exception <a 'java/lang/NoSuchMethodError'{0x0000000089125240}: 'int java.lang.invoke.DirectMethodHandle$Holder.invokeSpecial(java.lang.Object, java.lang.Object, java.lang.Object, int)'> (0x0000000089125240) 
thrown [s\open\src\hotspot\share\interpreter\linkResolver.cpp, line 773]
Event: 1.531 Thread 0x000001b5e72c0360 Exception <a 'java/lang/NoSuchMethodError'{0x0000000089137388}: 'java.lang.Object java.lang.invoke.DirectMethodHandle$Holder.invokeStatic(java.lang.Object, java.lang.Object, java.lang.Object, java.lang.Object, int)'> (0x0000000089137388) 
thrown [s\open\src\hotspot\share\interpreter\linkResolver.cpp, line 773]
Event: 1.540 Thread 0x000001b5e72c0360 Exception <a 'java/lang/NoSuchMethodError'{0x00000000891dd620}: 'java.lang.Object java.lang.invoke.DirectMethodHandle$Holder.newInvokeSpecial(java.lang.Object, java.lang.Object, int)'> (0x00000000891dd620) 
thrown [s\open\src\hotspot\share\interpreter\linkResolver.cpp, line 773]
Event: 11.348 Thread 0x000001b5e72c0360 Exception <a 'java/lang/NoSuchMethodError'{0x0000000088d07af8}: 'long java.lang.invoke.DirectMethodHandle$Holder.invokeStatic(java.lang.Object, java.lang.Object, java.lang.Object)'> (0x0000000088d07af8) 
thrown [s\open\src\hotspot\share\interpreter\linkResolver.cpp, line 773]
Event: 11.348 Thread 0x000001b5e72c0360 Exception <a 'java/lang/NoSuchMethodError'{0x0000000088d0aec8}: 'long java.lang.invoke.DirectMethodHandle$Holder.invokeStaticInit(java.lang.Object, java.lang.Object, java.lang.Object)'> (0x0000000088d0aec8) 
thrown [s\open\src\hotspot\share\interpreter\linkResolver.cpp, line 773]
Event: 11.351 Thread 0x000001b5e72c0360 Exception <a 'java/lang/NoSuchMethodError'{0x0000000088d1f4c0}: 'java.lang.Object java.lang.invoke.DirectMethodHandle$Holder.newInvokeSpecial(java.lang.Object, java.lang.Object, long)'> (0x0000000088d1f4c0) 
thrown [s\open\src\hotspot\share\interpreter\linkResolver.cpp, line 773]
Event: 11.351 Thread 0x000001b5e72c0360 Exception <a 'java/lang/NoSuchMethodError'{0x0000000088d22db8}: 'java.lang.Object java.lang.invoke.Invokers$Holder.linkToTargetMethod(java.lang.Object, long, java.lang.Object)'> (0x0000000088d22db8) 
thrown [s\open\src\hotspot\share\interpreter\linkResolver.cpp, line 773]
Event: 45.060 Thread 0x000001b5e7673b10 Exception <a 'java/lang/NoSuchMethodError'{0x0000000088cd78d0}: 'java.lang.Object java.lang.invoke.DirectMethodHandle$Holder.invokeStaticInit(java.lang.Object, int)'> (0x0000000088cd78d0) 
thrown [s\open\src\hotspot\share\interpreter\linkResolver.cpp, line 773]
Event: 45.646 Thread 0x000001b5e72c0360 Exception <a 'java/io/FileNotFoundException'{0x00000000880a8860}> (0x00000000880a8860) 
thrown [s\open\src\hotspot\share\prims\jni.cpp, line 520]
Event: 45.667 Thread 0x000001b5e72c0360 Implicit null exception at 0x000001b5d58183a0 to 0x000001b5d5818c08
Event: 45.710 Thread 0x000001b5e72c0360 Exception <a 'java/lang/NoSuchMethodError'{0x0000000087d1a490}: 'void java.lang.invoke.DirectMethodHandle$Holder.invokeSpecialIFC(java.lang.Object, java.lang.Object, java.lang.Object, java.lang.Object)'> (0x0000000087d1a490) 
thrown [s\open\src\hotspot\share\interpreter\linkResolver.cpp, line 773]
Event: 45.724 Thread 0x000001b5e72c0360 Exception <a 'java/lang/ClassNotFoundException'{0x000000008ab33ba0}: com/sun/javafx/scene/control/skin/resources/controls> (0x000000008ab33ba0) 
thrown [s\open\src\hotspot\share\prims\jni.cpp, line 539]
Event: 45.725 Thread 0x000001b5e72c0360 Exception <a 'java/lang/ClassNotFoundException'{0x000000008ab41bc8}: com/sun/javafx/scene/control/skin/resources/controls_en> (0x000000008ab41bc8) 
thrown [s\open\src\hotspot\share\prims\jni.cpp, line 539]
Event: 45.725 Thread 0x000001b5e72c0360 Exception <a 'java/lang/ClassNotFoundException'{0x000000008ab42e28}: com/sun/javafx/scene/control/skin/resources/controls_en_IN> (0x000000008ab42e28) 
thrown [s\open\src\hotspot\share\prims\jni.cpp, line 539]
Event: 111.383 Thread 0x000001b5e72c0360 Exception <a 'java/io/FileNotFoundException'{0x0000000086a74548}> (0x0000000086a74548) 
thrown [s\open\src\hotspot\share\prims\jni.cpp, line 520]

ZGC Phase Switch (0 events):
No events

VM Operations (20 events):
Event: 92.249 Executing VM operation: Cleanup done
Event: 103.254 Executing VM operation: Cleanup
Event: 103.254 Executing VM operation: Cleanup done
Event: 104.254 Executing VM operation: Cleanup
Event: 104.254 Executing VM operation: Cleanup done
Event: 106.255 Executing VM operation: Cleanup
Event: 106.255 Executing VM operation: Cleanup done
Event: 108.255 Executing VM operation: Cleanup
Event: 108.255 Executing VM operation: Cleanup done
Event: 110.256 Executing VM operation: Cleanup
Event: 110.256 Executing VM operation: Cleanup done
Event: 111.256 Executing VM operation: Cleanup
Event: 111.256 Executing VM operation: Cleanup done
Event: 112.257 Executing VM operation: Cleanup
Event: 112.257 Executing VM operation: Cleanup done
Event: 113.257 Executing VM operation: Cleanup
Event: 113.257 Executing VM operation: Cleanup done
Event: 114.257 Executing VM operation: Cleanup
Event: 114.257 Executing VM operation: Cleanup done
Event: 114.556 Executing VM operation: Exit

Events (20 events):
Event: 112.515 Thread 0x000001b5e2dfa540 Thread exited: 0x000001b5e2dfa540
Event: 113.205 Thread 0x000001b5e854f9a0 Thread added: 0x000001b5e854f9a0
Event: 113.489 Thread 0x000001b5e854f9a0 Thread exited: 0x000001b5e854f9a0
Event: 113.709 Thread 0x000001b5e2dfa540 Thread added: 0x000001b5e2dfa540
Event: 113.709 Thread 0x000001b5e2dfb9b0 Thread added: 0x000001b5e2dfb9b0
Event: 113.899 Thread 0x000001b5e2dfb9b0 Thread exited: 0x000001b5e2dfb9b0
Event: 114.009 Thread 0x000001b5e2dfa540 Thread exited: 0x000001b5e2dfa540
Event: 114.012 Thread 0x000001b5e2dfb2e0 Thread added: 0x000001b5e2dfb2e0
Event: 114.036 Thread 0x000001b5e2dfb9b0 Thread added: 0x000001b5e2dfb9b0
Event: 114.430 Thread 0x000001b5e854ec80 Thread added: 0x000001b5e854ec80
Event: 114.431 Thread 0x000001b5e854e5f0 Thread added: 0x000001b5e854e5f0
Event: 114.431 Thread 0x000001b5e854f9a0 Thread added: 0x000001b5e854f9a0
Event: 114.431 Thread 0x000001b5e8550030 Thread added: 0x000001b5e8550030
Event: 114.431 Thread 0x000001b5e854df60 Thread added: 0x000001b5e854df60
Event: 114.432 Thread 0x000001b5e8550030 Thread exited: 0x000001b5e8550030
Event: 114.433 Thread 0x000001b5e854f9a0 Thread exited: 0x000001b5e854f9a0
Event: 114.433 Thread 0x000001b5e2dfb9b0 Thread exited: 0x000001b5e2dfb9b0
Event: 114.433 Thread 0x000001b5e854e5f0 Thread exited: 0x000001b5e854e5f0
Event: 114.452 Thread 0x000001b5e7673b10 Thread exited: 0x000001b5e7673b10
Event: 114.555 Thread 0x000001b5e854df60 Thread exited: 0x000001b5e854df60


Dynamic libraries:
0x00007ff707d80000 - 0x00007ff707d90000 	C:\Program Files\Java\jdk-21\bin\java.exe
0x00007ff917bb0000 - 0x00007ff917dc6000 	C:\Windows\SYSTEM32\ntdll.dll
0x00007ff915d50000 - 0x00007ff915e14000 	C:\Windows\System32\KERNEL32.DLL
0x00007ff915200000 - 0x00007ff9155a6000 	C:\Windows\System32\KERNELBASE.dll
0x00007ff914f50000 - 0x00007ff915061000 	C:\Windows\System32\ucrtbase.dll
0x00007ff9032f0000 - 0x00007ff90330b000 	C:\Program Files\Java\jdk-21\bin\VCRUNTIME140.dll
0x00007ff903310000 - 0x00007ff903329000 	C:\Program Files\Java\jdk-21\bin\jli.dll
0x00007ff916020000 - 0x00007ff9160d2000 	C:\Windows\System32\ADVAPI32.dll
0x00007ff916bd0000 - 0x00007ff916c77000 	C:\Windows\System32\msvcrt.dll
0x00007ff916fa0000 - 0x00007ff917048000 	C:\Windows\System32\sechost.dll
0x00007ff914f20000 - 0x00007ff914f48000 	C:\Windows\System32\bcrypt.dll
0x00007ff9160e0000 - 0x00007ff9161f5000 	C:\Windows\System32\RPCRT4.dll
0x00007ff917910000 - 0x00007ff917abd000 	C:\Windows\System32\USER32.dll
0x00007ff914ef0000 - 0x00007ff914f16000 	C:\Windows\System32\win32u.dll
0x00007ff8f2720000 - 0x00007ff8f29b3000 	C:\Windows\WinSxS\amd64_microsoft.windows.common-controls_6595b64144ccf1df_6.0.22621.3235_none_270f74e173860f98\COMCTL32.dll
0x00007ff916f70000 - 0x00007ff916f99000 	C:\Windows\System32\GDI32.dll
0x00007ff915070000 - 0x00007ff915188000 	C:\Windows\System32\gdi32full.dll
0x00007ff9155b0000 - 0x00007ff91564a000 	C:\Windows\System32\msvcp_win.dll
0x00007ff904840000 - 0x00007ff90484a000 	C:\Windows\SYSTEM32\VERSION.dll
0x00007ff916c80000 - 0x00007ff916cb1000 	C:\Windows\System32\IMM32.DLL
0x00007ff905100000 - 0x00007ff90510c000 	C:\Program Files\Java\jdk-21\bin\vcruntime140_1.dll
0x00007ff8fedc0000 - 0x00007ff8fee4e000 	C:\Program Files\Java\jdk-21\bin\msvcp140.dll
0x00007ff8c9ef0000 - 0x00007ff8cac05000 	C:\Program Files\Java\jdk-21\bin\server\jvm.dll
0x00007ff916cc0000 - 0x00007ff916d31000 	C:\Windows\System32\WS2_32.dll
0x00007ff9147c0000 - 0x00007ff91480d000 	C:\Windows\SYSTEM32\POWRPROF.dll
0x00007ff8fe970000 - 0x00007ff8fe9a4000 	C:\Windows\SYSTEM32\WINMM.dll
0x00007ff914750000 - 0x00007ff914763000 	C:\Windows\SYSTEM32\UMPDC.dll
0x00007ff913f30000 - 0x00007ff913f48000 	C:\Windows\SYSTEM32\kernel.appcore.dll
0x00007ff902e20000 - 0x00007ff902e2a000 	C:\Program Files\Java\jdk-21\bin\jimage.dll
0x00007ff912810000 - 0x00007ff912a43000 	C:\Windows\SYSTEM32\DBGHELP.DLL
0x00007ff916830000 - 0x00007ff916bb8000 	C:\Windows\System32\combase.dll
0x00007ff915900000 - 0x00007ff9159d7000 	C:\Windows\System32\OLEAUT32.dll
0x00007ff909650000 - 0x00007ff909682000 	C:\Windows\SYSTEM32\dbgcore.DLL
0x00007ff915880000 - 0x00007ff9158fa000 	C:\Windows\System32\bcryptPrimitives.dll
0x00007ff902e10000 - 0x00007ff902e1f000 	C:\Program Files\Java\jdk-21\bin\instrument.dll
0x00007ff902d40000 - 0x00007ff902d5f000 	C:\Program Files\Java\jdk-21\bin\java.dll
0x00007ff917050000 - 0x00007ff9178ac000 	C:\Windows\System32\SHELL32.dll
0x00007ff912cc0000 - 0x00007ff9135b8000 	C:\Windows\SYSTEM32\windows.storage.dll
0x00007ff912b30000 - 0x00007ff912c6e000 	C:\Windows\SYSTEM32\wintypes.dll
0x00007ff915f20000 - 0x00007ff916013000 	C:\Windows\System32\SHCORE.dll
0x00007ff9178b0000 - 0x00007ff91790e000 	C:\Windows\System32\shlwapi.dll
0x00007ff914e20000 - 0x00007ff914e46000 	C:\Windows\SYSTEM32\profapi.dll
0x00007ff8fec20000 - 0x00007ff8fecf7000 	C:\Program Files\Java\jdk-21\bin\jsvml.dll
0x00007ff902e00000 - 0x00007ff902e10000 	C:\Program Files\Java\jdk-21\bin\net.dll
0x00007ff904db0000 - 0x00007ff904ee7000 	C:\Windows\SYSTEM32\WINHTTP.dll
0x00007ff9143b0000 - 0x00007ff914419000 	C:\Windows\system32\mswsock.dll
0x00007ff902d20000 - 0x00007ff902d36000 	C:\Program Files\Java\jdk-21\bin\nio.dll
0x00007ff902d00000 - 0x00007ff902d18000 	C:\Program Files\Java\jdk-21\bin\zip.dll
0x00007ff902ca0000 - 0x00007ff902cba000 	C:\Program Files\JetBrains\IntelliJ IDEA Educational Edition 2022.2.2\bin\breakgen64.dll
0x000001b5e2fb0000 - 0x000001b5e2fb3000 	C:\Users\admin\.openjfx\cache\17.0.2-ea\api-ms-win-core-console-l1-1-0.dll
0x000001b5e2fc0000 - 0x000001b5e2fc3000 	C:\Users\admin\.openjfx\cache\17.0.2-ea\api-ms-win-core-console-l1-2-0.dll
0x000001b5e2e20000 - 0x000001b5e2e23000 	C:\Users\admin\.openjfx\cache\17.0.2-ea\api-ms-win-core-datetime-l1-1-0.dll
0x000001b5e2e30000 - 0x000001b5e2e33000 	C:\Users\admin\.openjfx\cache\17.0.2-ea\api-ms-win-core-debug-l1-1-0.dll
0x000001b5e2e40000 - 0x000001b5e2e43000 	C:\Users\admin\.openjfx\cache\17.0.2-ea\api-ms-win-core-errorhandling-l1-1-0.dll
0x000001b5e2e50000 - 0x000001b5e2e54000 	C:\Users\admin\.openjfx\cache\17.0.2-ea\api-ms-win-core-file-l1-1-0.dll
0x000001b5e2e60000 - 0x000001b5e2e63000 	C:\Users\admin\.openjfx\cache\17.0.2-ea\api-ms-win-core-file-l1-2-0.dll
0x000001b5e2e70000 - 0x000001b5e2e73000 	C:\Users\admin\.openjfx\cache\17.0.2-ea\api-ms-win-core-file-l2-1-0.dll
0x000001b5e2e80000 - 0x000001b5e2e83000 	C:\Users\admin\.openjfx\cache\17.0.2-ea\api-ms-win-core-handle-l1-1-0.dll
0x000001b5e2e90000 - 0x000001b5e2e93000 	C:\Users\admin\.openjfx\cache\17.0.2-ea\api-ms-win-core-heap-l1-1-0.dll
0x000001b5e2ea0000 - 0x000001b5e2ea3000 	C:\Users\admin\.openjfx\cache\17.0.2-ea\api-ms-win-core-interlocked-l1-1-0.dll
0x000001b5e2eb0000 - 0x000001b5e2eb3000 	C:\Users\admin\.openjfx\cache\17.0.2-ea\api-ms-win-core-libraryloader-l1-1-0.dll
0x000001b5e2ec0000 - 0x000001b5e2ec3000 	C:\Users\admin\.openjfx\cache\17.0.2-ea\api-ms-win-core-localization-l1-2-0.dll
0x000001b5e2ed0000 - 0x000001b5e2ed3000 	C:\Users\admin\.openjfx\cache\17.0.2-ea\api-ms-win-core-memory-l1-1-0.dll
0x000001b5e2ee0000 - 0x000001b5e2ee3000 	C:\Users\admin\.openjfx\cache\17.0.2-ea\api-ms-win-core-namedpipe-l1-1-0.dll
0x000001b5e2ef0000 - 0x000001b5e2ef3000 	C:\Users\admin\.openjfx\cache\17.0.2-ea\api-ms-win-core-processenvironment-l1-1-0.dll
0x000001b5e2f00000 - 0x000001b5e2f03000 	C:\Users\admin\.openjfx\cache\17.0.2-ea\api-ms-win-core-processthreads-l1-1-0.dll
0x000001b5e2f10000 - 0x000001b5e2f13000 	C:\Users\admin\.openjfx\cache\17.0.2-ea\api-ms-win-core-processthreads-l1-1-1.dll
0x000001b5e2f20000 - 0x000001b5e2f23000 	C:\Users\admin\.openjfx\cache\17.0.2-ea\api-ms-win-core-profile-l1-1-0.dll
0x000001b5e2f30000 - 0x000001b5e2f33000 	C:\Users\admin\.openjfx\cache\17.0.2-ea\api-ms-win-core-rtlsupport-l1-1-0.dll
0x000001b5e2f40000 - 0x000001b5e2f43000 	C:\Users\admin\.openjfx\cache\17.0.2-ea\api-ms-win-core-string-l1-1-0.dll
0x000001b5e2f50000 - 0x000001b5e2f53000 	C:\Users\admin\.openjfx\cache\17.0.2-ea\api-ms-win-core-synch-l1-1-0.dll
0x000001b5e2f60000 - 0x000001b5e2f63000 	C:\Users\admin\.openjfx\cache\17.0.2-ea\api-ms-win-core-synch-l1-2-0.dll
0x000001b5e2f70000 - 0x000001b5e2f73000 	C:\Users\admin\.openjfx\cache\17.0.2-ea\api-ms-win-core-sysinfo-l1-1-0.dll
0x000001b5e2f80000 - 0x000001b5e2f83000 	C:\Users\admin\.openjfx\cache\17.0.2-ea\api-ms-win-core-timezone-l1-1-0.dll
0x000001b5e2f90000 - 0x000001b5e2f93000 	C:\Users\admin\.openjfx\cache\17.0.2-ea\api-ms-win-core-util-l1-1-0.dll
0x000001b5e2fa0000 - 0x000001b5e2fa3000 	C:\Users\admin\.openjfx\cache\17.0.2-ea\api-ms-win-crt-conio-l1-1-0.dll
0x000001b5e2fd0000 - 0x000001b5e2fd4000 	C:\Users\admin\.openjfx\cache\17.0.2-ea\api-ms-win-crt-convert-l1-1-0.dll
0x000001b5e2fe0000 - 0x000001b5e2fe3000 	C:\Users\admin\.openjfx\cache\17.0.2-ea\api-ms-win-crt-environment-l1-1-0.dll
0x000001b5e2ff0000 - 0x000001b5e2ff3000 	C:\Users\admin\.openjfx\cache\17.0.2-ea\api-ms-win-crt-filesystem-l1-1-0.dll
0x000001b5e80e0000 - 0x000001b5e80e3000 	C:\Users\admin\.openjfx\cache\17.0.2-ea\api-ms-win-crt-heap-l1-1-0.dll
0x000001b5e80f0000 - 0x000001b5e80f3000 	C:\Users\admin\.openjfx\cache\17.0.2-ea\api-ms-win-crt-locale-l1-1-0.dll
0x000001b5e7fd0000 - 0x000001b5e7fd5000 	C:\Users\admin\.openjfx\cache\17.0.2-ea\api-ms-win-crt-math-l1-1-0.dll
0x000001b5e7fe0000 - 0x000001b5e7fe5000 	C:\Users\admin\.openjfx\cache\17.0.2-ea\api-ms-win-crt-multibyte-l1-1-0.dll
0x000001b5e7ff0000 - 0x000001b5e8000000 	C:\Users\admin\.openjfx\cache\17.0.2-ea\api-ms-win-crt-private-l1-1-0.dll
0x000001b5e8000000 - 0x000001b5e8003000 	C:\Users\admin\.openjfx\cache\17.0.2-ea\api-ms-win-crt-process-l1-1-0.dll
0x000001b5e8010000 - 0x000001b5e8014000 	C:\Users\admin\.openjfx\cache\17.0.2-ea\api-ms-win-crt-runtime-l1-1-0.dll
0x000001b5e8020000 - 0x000001b5e8024000 	C:\Users\admin\.openjfx\cache\17.0.2-ea\api-ms-win-crt-stdio-l1-1-0.dll
0x000001b5e8030000 - 0x000001b5e8034000 	C:\Users\admin\.openjfx\cache\17.0.2-ea\api-ms-win-crt-string-l1-1-0.dll
0x000001b5e8040000 - 0x000001b5e8043000 	C:\Users\admin\.openjfx\cache\17.0.2-ea\api-ms-win-crt-time-l1-1-0.dll
0x000001b5e8050000 - 0x000001b5e8053000 	C:\Users\admin\.openjfx\cache\17.0.2-ea\api-ms-win-crt-utility-l1-1-0.dll
0x00007ff8f8f20000 - 0x00007ff8f901c000 	C:\Users\admin\.openjfx\cache\17.0.2-ea\ucrtbase.dll
0x00007ff902c80000 - 0x00007ff902c9a000 	C:\Users\admin\.openjfx\cache\17.0.2-ea\vcruntime140.dll
0x00007ff902c70000 - 0x00007ff902c7c000 	C:\Users\admin\.openjfx\cache\17.0.2-ea\vcruntime140_1.dll
0x00007ff8fc250000 - 0x00007ff8fc2dd000 	C:\Users\admin\.openjfx\cache\17.0.2-ea\msvcp140.dll
0x00007ff9023e0000 - 0x00007ff90240a000 	C:\Users\admin\.openjfx\cache\17.0.2-ea\prism_d3d.dll
0x00007ff8ea3a0000 - 0x00007ff8ea549000 	C:\Windows\system32\d3d9.dll
0x00007ff90edd0000 - 0x00007ff90edfb000 	C:\Windows\SYSTEM32\dwmapi.dll
0x00007ff90ec80000 - 0x00007ff90ecb9000 	C:\Windows\SYSTEM32\dxcore.dll
0x00007ff90eab0000 - 0x00007ff90eb5b000 	C:\Windows\system32\uxtheme.dll
0x00007ff9159e0000 - 0x00007ff915b7f000 	C:\Windows\System32\ole32.dll
0x00007ff916330000 - 0x00007ff9167a4000 	C:\Windows\System32\SETUPAPI.dll
0x00007ff914be0000 - 0x00007ff914c2e000 	C:\Windows\SYSTEM32\cfgmgr32.dll
0x00007ff90c790000 - 0x00007ff90c7da000 	C:\Windows\SYSTEM32\directxdatabasehelper.dll
0x00007ff8febd0000 - 0x00007ff8fec12000 	C:\Users\admin\.openjfx\cache\17.0.2-ea\glass.dll
0x00007ff916200000 - 0x00007ff9162f9000 	C:\Windows\System32\COMDLG32.dll
0x00007ff915b90000 - 0x00007ff915ce4000 	C:\Windows\System32\MSCTF.dll
0x00007ff902c50000 - 0x00007ff902c64000 	C:\Users\admin\.openjfx\cache\17.0.2-ea\javafx_font.dll
0x00007ff902640000 - 0x00007ff90264a000 	C:\Program Files\Java\jdk-21\bin\management.dll
0x00007ff902630000 - 0x00007ff90263b000 	C:\Program Files\Java\jdk-21\bin\management_ext.dll
0x00007ff916bc0000 - 0x00007ff916bc8000 	C:\Windows\System32\PSAPI.DLL
0x00007ff8ea1e0000 - 0x00007ff8ea1f7000 	C:\Windows\system32\napinsp.dll
0x00007ff8ea1c0000 - 0x00007ff8ea1db000 	C:\Windows\system32\pnrpnsp.dll
0x00007ff9137f0000 - 0x00007ff9138e9000 	C:\Windows\SYSTEM32\DNSAPI.dll
0x00007ff9137c0000 - 0x00007ff9137ed000 	C:\Windows\SYSTEM32\IPHLPAPI.DLL
0x00007ff916320000 - 0x00007ff916329000 	C:\Windows\System32\NSI.dll
0x00007ff8ea1a0000 - 0x00007ff8ea1b1000 	C:\Windows\System32\winrnr.dll
0x00007ff8e0bf0000 - 0x00007ff8e0c05000 	C:\Windows\system32\wshbth.dll
0x00007ff8ed8f0000 - 0x00007ff8ed911000 	C:\Windows\system32\nlansp_c.dll
0x00007ff9055b0000 - 0x00007ff9055ba000 	C:\Windows\System32\rasadhlp.dll
0x00007ff903b70000 - 0x00007ff903bf3000 	C:\Windows\System32\fwpuclnt.dll
0x00007ff901b30000 - 0x00007ff901b5d000 	C:\Users\admin\.openjfx\cache\17.0.2-ea\javafx_iio.dll
0x00007ff90d0e0000 - 0x00007ff90d354000 	C:\Windows\SYSTEM32\dwrite.dll
0x00007ff917ac0000 - 0x00007ff917b70000 	C:\Windows\System32\clbcatq.dll
0x00007ff90d7d0000 - 0x00007ff90d980000 	C:\Windows\SYSTEM32\WindowsCodecs.dll
0x00007ff8f7920000 - 0x00007ff8f797e000 	C:\Windows\system32\dataexchange.dll
0x00007ff905ce0000 - 0x00007ff905f6f000 	C:\Windows\system32\twinapi.appcore.dll
0x00007ff8fe930000 - 0x00007ff8fe962000 	C:\Program Files\Common Files\Microsoft Shared\Ink\rtscom.dll
0x00007ff901b60000 - 0x00007ff901caa000 	C:\Windows\SYSTEM32\textinputframework.dll

dbghelp: loaded successfully - version: 4.0.5 - missing functions: none
symbol engine: initialized successfully - sym options: 0x614 - pdb path: .;C:\Program Files\Java\jdk-21\bin;C:\Windows\SYSTEM32;C:\Windows\WinSxS\amd64_microsoft.windows.common-controls_6595b64144ccf1df_6.0.22621.3235_none_270f74e173860f98;C:\Program Files\Java\jdk-21\bin\server;C:\Program Files\JetBrains\IntelliJ IDEA Educational Edition 2022.2.2\bin;C:\Users\admin\.openjfx\cache\17.0.2-ea;C:\Windows\System32\DriverStore\FileRepository\iigd_dch.inf_amd64_d0b39b11619fd0c4;C:\Program Files\Common Files\Microsoft Shared\Ink;C:\Users\admin\AppData\Local\Temp\jSerialComm\2.10.3

VM Arguments:
jvm_args: -javaagent:C:\Program Files\JetBrains\IntelliJ IDEA Educational Edition 2022.2.2\lib\idea_rt.jar=51335:C:\Program Files\JetBrains\IntelliJ IDEA Educational Edition 2022.2.2\bin -Dfile.encoding=UTF-8 -Dsun.stdout.encoding=UTF-8 -Dsun.stderr.encoding=UTF-8 --module-path=C:\Users\admin\.m2\repository\org\apache\logging\log4j\log4j-core\2.21.1\log4j-core-2.21.1.jar;C:\Users\admin\Documents\GitHub\ERCH-EM\Erch-DA\src\main\resources\desktop\app\erch\Libraries\log4j-core-2.21.1.jar;C:\Users\admin\.m2\repository\org\apache\logging\log4j\log4j-api\2.21.1\log4j-api-2.21.1.jar;C:\Users\admin\Documents\GitHub\ERCH-EM\Erch-DA\src\main\resources\desktop\app\erch\Libraries\log4j-api-2.21.1.jar;C:\Users\admin\.m2\repository\org\openjfx\javafx-controls\17.0.2\javafx-controls-17.0.2-win.jar;C:\Users\admin\.m2\repository\org\openjfx\javafx-base\17.0.2\javafx-base-17.0.2-win.jar;C:\Users\admin\.m2\repository\org\openjfx\javafx-graphics\17.0.2\javafx-graphics-17.0.2-win.jar;C:\Users\admin\.m2\repository\org\openjfx\javafx-fxml\17.0.2\javafx-fxml-17.0.2-win.jar;C:\Users\admin\Documents\GitHub\ERCH-EM\Erch-DA\src\main\resources\desktop\app\erch\Libraries\jSerialComm-2.10.3.jar;C:\Users\admin\Documents\GitHub\ERCH-EM\Erch-DA\src\main\resources\desktop\app\erch\Libraries\medusa-16.0.1.jar;C:\Users\admin\Documents\GitHub\ERCH-EM\Erch-DA\target\classes -Djdk.module.main=desktop.app.erch 
java_command: desktop.app.erch/desktop.app.erch.Index
java_class_path (initial): C:\Users\admin\.m2\repository\org\openjfx\javafx-controls\17.0.2\javafx-controls-17.0.2.jar;C:\Users\admin\.m2\repository\org\openjfx\javafx-graphics\17.0.2\javafx-graphics-17.0.2.jar;C:\Users\admin\.m2\repository\org\openjfx\javafx-base\17.0.2\javafx-base-17.0.2.jar;C:\Users\admin\.m2\repository\org\openjfx\javafx-fxml\17.0.2\javafx-fxml-17.0.2.jar;C:\Users\admin\.m2\repository\org\testng\testng\6.8.1\testng-6.8.1.jar;C:\Users\admin\.m2\repository\junit\junit\4.10\junit-4.10.jar;C:\Users\admin\.m2\repository\org\hamcrest\hamcrest-core\1.1\hamcrest-core-1.1.jar;C:\Users\admin\.m2\repository\org\beanshell\bsh\2.0b4\bsh-2.0b4.jar;C:\Users\admin\.m2\repository\com\beust\jcommander\1.27\jcommander-1.27.jar;C:\Users\admin\.m2\repository\org\yaml\snakeyaml\1.6\snakeyaml-1.6.jar
Launcher Type: SUN_STANDARD

[Global flags]
     intx CICompilerCount                          = 4                                         {product} {ergonomic}
     uint ConcGCThreads                            = 2                                         {product} {ergonomic}
     uint G1ConcRefinementThreads                  = 8                                         {product} {ergonomic}
   size_t G1HeapRegionSize                         = 1048576                                   {product} {ergonomic}
    uintx GCDrainStackTargetSize                   = 64                                        {product} {ergonomic}
   size_t InitialHeapSize                          = 132120576                                 {product} {ergonomic}
   size_t MarkStackSize                            = 4194304                                   {product} {ergonomic}
   size_t MaxHeapSize                              = 2099249152                                {product} {ergonomic}
   size_t MaxNewSize                               = 1259339776                                {product} {ergonomic}
   size_t MinHeapDeltaBytes                        = 1048576                                   {product} {ergonomic}
   size_t MinHeapSize                              = 8388608                                   {product} {ergonomic}
    uintx NonNMethodCodeHeapSize                   = 5839372                                {pd product} {ergonomic}
    uintx NonProfiledCodeHeapSize                  = 122909434                              {pd product} {ergonomic}
    uintx ProfiledCodeHeapSize                     = 122909434                              {pd product} {ergonomic}
    uintx ReservedCodeCacheSize                    = 251658240                              {pd product} {ergonomic}
     bool SegmentedCodeCache                       = true                                      {product} {ergonomic}
   size_t SoftMaxHeapSize                          = 2099249152                             {manageable} {ergonomic}
     bool UseCompressedOops                        = true                           {product lp64_product} {ergonomic}
     bool UseG1GC                                  = true                                      {product} {ergonomic}
     bool UseLargePagesIndividualAllocation        = false                                  {pd product} {ergonomic}

Logging:
Log output configuration:
 #0: stdout all=off uptime,level,tags foldmultilines=false
 #1: stderr all=off uptime,level,tags foldmultilines=false

Environment Variables:
PATH=C:\Program Files\Common Files\Oracle\Java\javapath;C:\Windows\system32;C:\Windows;C:\Windows\System32\Wbem;C:\Windows\System32\WindowsPowerShell\v1.0\;C:\Windows\System32\OpenSSH\;C:\sqlite;C:\Program Files\Git\cmd;C:\Program Files\Git LFS;C:\Users\admin\AppData\Local\Microsoft\WindowsApps;C:\Users\admin\AppData\Local\GitHubDesktop\bin
USERNAME=admin
OS=Windows_NT
PROCESSOR_IDENTIFIER=Intel64 Family 6 Model 142 Stepping 12, GenuineIntel
TMP=C:\Users\admin\AppData\Local\Temp
TEMP=C:\Users\admin\AppData\Local\Temp




Periodic native trim disabled

---------------  S Y S T E M  ---------------

OS:
 Windows 11 , 64 bit Build 22621 (10.0.22621.3235)
OS uptime: 5 days 5:56 hours

CPU: total 8 (initial active 8) (4 cores per cpu, 2 threads per core) family 6 model 142 stepping 12 microcode 0xf8, cx8, cmov, fxsr, ht, mmx, 3dnowpref, sse, sse2, sse3, ssse3, sse4.1, sse4.2, popcnt, lzcnt, tsc, tscinvbit, avx, avx2, aes, erms, clmul, bmi1, bmi2, adx, fma, vzeroupper, clflush, clflushopt, rdtscp, f16c
Processor Information for all 8 processors :
  Max Mhz: 2112, Current Mhz: 1910, Mhz Limit: 1900

Memory: 4k page, system-wide physical 8002M (1380M free)
TotalPageFile size 13122M (AvailPageFile size 4560M)
current process WorkingSet (physical memory assigned to process): 499M, peak: 582M
current process commit charge ("private bytes"): 574M, peak: 656M

vm_info: Java HotSpot(TM) 64-Bit Server VM (21.0.1+12-LTS-29) for windows-amd64 JRE (21.0.1+12-LTS-29), built on 2023-10-05T13:27:09Z by "mach5one" with MS VC++ 17.1 (VS2022)

END.
